#
# There is insufficient memory for the Java Runtime Environment to continue.
# Native memory allocation (malloc) failed to allocate 40176 bytes for Chunk::new
# Possible reasons:
#   The system is out of physical RAM or swap space
#   In 32 bit mode, the process size limit was hit
# Possible solutions:
#   Reduce memory load on the system
#   Increase physical memory or swap space
#   Check if swap backing store is full
#   Use 64 bit Java on a 64 bit OS
#   Decrease Java heap size (-Xmx/-Xms)
#   Decrease number of Java threads
#   Decrease Java thread stack sizes (-Xss)
#   Set larger code cache with -XX:ReservedCodeCacheSize=
# This output file may be truncated or incomplete.
#
#  Out of Memory Error (allocation.cpp:390), pid=2424, tid=8924
#
# JRE version: Java(TM) SE Runtime Environment (8.0_65-b17) (build 1.8.0_65-b17)
# Java VM: Java HotSpot(TM) 64-Bit Server VM (25.65-b01 mixed mode windows-amd64 compressed oops)
# Failed to write core dump. Minidumps are not enabled by default on client versions of Windows
#

---------------  T H R E A D  ---------------

Current thread (0x000000001604a800):  JavaThread "C2 CompilerThread1" daemon [_thread_in_native, id=8924, stack(0x0000000016440000,0x0000000016540000)]

Stack: [0x0000000016440000,0x0000000016540000]
[error occurred during error reporting (printing stack bounds), id 0xc0000005]

Native frames: (J=compiled Java code, j=interpreted, Vv=VM code, C=native code)


Current CompileTask:
C2:   2356  676       4       java.util.HashMap::containsKey (18 bytes)


---------------  P R O C E S S  ---------------

Java Threads: ( => current thread )
  0x000000001636c000 JavaThread "pool-1-thread-4" [_thread_in_vm, id=8312, stack(0x0000000017440000,0x0000000017540000)]
  0x000000001636a000 JavaThread "pool-1-thread-3" [_thread_blocked, id=7972, stack(0x0000000017340000,0x0000000017440000)]
  0x0000000016346800 JavaThread "pool-1-thread-2" [_thread_blocked, id=8668, stack(0x0000000017240000,0x0000000017340000)]
  0x0000000016345800 JavaThread "pool-2-thread-1" [_thread_blocked, id=5804, stack(0x0000000017140000,0x0000000017240000)]
  0x00000000162d5000 JavaThread "pool-1-thread-1" [_thread_blocked, id=6256, stack(0x0000000017040000,0x0000000017140000)]
  0x00000000160e3800 JavaThread "Service Thread" daemon [_thread_blocked, id=7568, stack(0x0000000016640000,0x0000000016740000)]
  0x000000001606d800 JavaThread "C1 CompilerThread2" daemon [_thread_in_native, id=5912, stack(0x0000000016540000,0x0000000016640000)]
=>0x000000001604a800 JavaThread "C2 CompilerThread1" daemon [_thread_in_native, id=8924, stack(0x0000000016440000,0x0000000016540000)]
  0x0000000014a3b000 JavaThread "C2 CompilerThread0" daemon [_thread_in_native, id=8044, stack(0x0000000015f40000,0x0000000016040000)]
  0x00000000149ef000 JavaThread "Attach Listener" daemon [_thread_blocked, id=8736, stack(0x0000000015e40000,0x0000000015f40000)]
  0x00000000149d9000 JavaThread "Signal Dispatcher" daemon [_thread_blocked, id=6728, stack(0x0000000015d40000,0x0000000015e40000)]
  0x0000000002307000 JavaThread "Finalizer" daemon [_thread_blocked, id=4648, stack(0x0000000015c40000,0x0000000015d40000)]
  0x00000000022fe000 JavaThread "Reference Handler" daemon [_thread_blocked, id=8788, stack(0x0000000015b40000,0x0000000015c40000)]
  0x0000000001e1d800 JavaThread "main" [_thread_in_Java, id=5788, stack(0x0000000001e20000,0x0000000001f20000)]

Other Threads:
  0x00000000149a8000 VMThread [stack: 0x0000000015a40000,0x0000000015b40000] [id=3604]
  0x00000000160fb000 WatcherThread [stack: 0x0000000016740000,0x0000000016840000] [id=2508]

VM state:not at safepoint (normal execution)

VM Mutex/Monitor currently owned by a thread: None

Heap:
 PSYoungGen      total 18944K, used 4026K [0x00000000eab00000, 0x00000000ec000000, 0x0000000100000000)
  eden space 16384K, 9% used [0x00000000eab00000,0x00000000eac730e0,0x00000000ebb00000)
  from space 2560K, 99% used [0x00000000ebb00000,0x00000000ebd7b8e0,0x00000000ebd80000)
  to   space 2560K, 0% used [0x00000000ebd80000,0x00000000ebd80000,0x00000000ec000000)
 ParOldGen       total 44032K, used 1317K [0x00000000c0000000, 0x00000000c2b00000, 0x00000000eab00000)
  object space 44032K, 2% used [0x00000000c0000000,0x00000000c01496b8,0x00000000c2b00000)
 Metaspace       used 5677K, capacity 6578K, committed 6784K, reserved 1056768K
  class space    used 596K, capacity 618K, committed 640K, reserved 1048576K

Card table byte_map: [0x00000000116d0000,0x00000000118e0000] byte_map_base: 0x00000000110d0000

Marking Bits: (ParMarkBitMap*) 0x00000000549ca5b0
 Begin Bits: [0x0000000011e40000, 0x0000000012e40000)
 End Bits:   [0x0000000012e40000, 0x0000000013e40000)

Polling page: 0x00000000004a0000

CodeCache: size=245760Kb used=2613Kb max_used=2613Kb free=243146Kb
 bounds [0x0000000002310000, 0x00000000025a0000, 0x0000000011310000]
 total_blobs=936 nmethods=665 adapters=184
 compilation: enabled

Compilation events (10 events):
Event: 2.346 Thread 0x000000001606d800  666   !   3       com.android.dx.rop.code.BasicBlock::<init> (273 bytes)
Event: 2.347 Thread 0x0000000014a3b000 nmethod 679 0x0000000002599950 code [0x0000000002599aa0, 0x0000000002599b98]
Event: 2.347 Thread 0x0000000014a3b000  678       4       java.util.ArrayList::isEmpty (13 bytes)
Event: 2.348 Thread 0x0000000014a3b000 nmethod 678 0x0000000002599cd0 code [0x0000000002599e00, 0x0000000002599e78]
Event: 2.348 Thread 0x0000000014a3b000  681       4       java.util.AbstractList::<init> (10 bytes)
Event: 2.348 Thread 0x0000000014a3b000 nmethod 681 0x0000000002599ed0 code [0x000000000259a000, 0x000000000259a058]
Event: 2.352 Thread 0x000000001606d800 nmethod 666 0x000000000259a0d0 code [0x000000000259a540, 0x000000000259d1b8]
Event: 2.352 Thread 0x000000001606d800  669       3       sun.misc.VM::addFinalRefCount (24 bytes)
Event: 2.352 Thread 0x000000001606d800 nmethod 669 0x0000000002595e10 code [0x0000000002595f60, 0x0000000002596110]
Event: 2.352 Thread 0x000000001606d800  656       3       com.android.dx.ssa.back.LivenessAnalyzer::liveOutAtBlock (68 bytes)

GC Heap History (2 events):
Event: 2.248 GC heap before
{Heap before GC invocations=1 (full 0):
 PSYoungGen      total 18944K, used 16384K [0x00000000eab00000, 0x00000000ec000000, 0x0000000100000000)
  eden space 16384K, 100% used [0x00000000eab00000,0x00000000ebb00000,0x00000000ebb00000)
  from space 2560K, 0% used [0x00000000ebd80000,0x00000000ebd80000,0x00000000ec000000)
  to   space 2560K, 0% used [0x00000000ebb00000,0x00000000ebb00000,0x00000000ebd80000)
 ParOldGen       total 44032K, used 0K [0x00000000c0000000, 0x00000000c2b00000, 0x00000000eab00000)
  object space 44032K, 0% used [0x00000000c0000000,0x00000000c0000000,0x00000000c2b00000)
 Metaspace       used 5636K, capacity 6578K, committed 6784K, reserved 1056768K
  class space    used 596K, capacity 618K, committed 640K, reserved 1048576K
Event: 2.328 GC heap after
Heap after GC invocations=1 (full 0):
 PSYoungGen      total 18944K, used 2542K [0x00000000eab00000, 0x00000000ec000000, 0x0000000100000000)
  eden space 16384K, 0% used [0x00000000eab00000,0x00000000eab00000,0x00000000ebb00000)
  from space 2560K, 99% used [0x00000000ebb00000,0x00000000ebd7b8e0,0x00000000ebd80000)
  to   space 2560K, 0% used [0x00000000ebd80000,0x00000000ebd80000,0x00000000ec000000)
 ParOldGen       total 44032K, used 1317K [0x00000000c0000000, 0x00000000c2b00000, 0x00000000eab00000)
  object space 44032K, 2% used [0x00000000c0000000,0x00000000c01496b8,0x00000000c2b00000)
 Metaspace       used 5636K, capacity 6578K, committed 6784K, reserved 1056768K
  class space    used 596K, capacity 618K, committed 640K, reserved 1048576K
}

Deoptimization events (1 events):
Event: 2.057 Thread 0x0000000016346800 Uncommon trap: reason=unstable_if action=reinterpret pc=0x0000000002547570 method=java.util.BitSet.nextSetBit(I)I @ 87

Internal exceptions (2 events):
Event: 0.218 Thread 0x0000000001e1d800 Exception <a 'java/lang/NoSuchMethodError': Method sun.misc.Unsafe.defineClass(Ljava/lang/String;[BII)Ljava/lang/Class; name or signature does not match> (0x00000000eab12d80) thrown at [C:\workspace\8-2-build-windows-amd64-cygwin\jdk8u65\4987\hotspot\src\sd…§åÞË?
Event: 0.218 Thread 0x0000000001e1d800 Exception <a 'java/lang/NoSuchMethodError': Method sun.misc.Unsafe.prefetchRead(Ljava/lang/Object;J)V name or signature does not match> (0x00000000eab13068) thrown at [C:\workspace\8-2-build-windows-amd64-cygwin\jdk8u65\4987\hotspot\src\share\vm\prims\jni.

Events (10 events):
Event: 1.983 loading class com/android/dx/dex/code/DalvCode done
Event: 1.984 loading class java/io/PrintWriter
Event: 1.985 loading class java/io/PrintWriter done
Event: 1.985 loading class com/android/dx/dex/file/DebugInfoItem
Event: 1.985 loading class com/android/dx/dex/file/DebugInfoItem done
Event: 2.057 Thread 0x0000000016346800 Uncommon trap: trap_request=0xffffff65 fr.pc=0x0000000002547570
Event: 2.057 Thread 0x0000000016346800 DEOPT PACKING pc=0x0000000002547570 sp=0x000000001733eca0
Event: 2.057 Thread 0x0000000016346800 DEOPT UNPACKING pc=0x000000000235582a sp=0x000000001733ec38 mode 2
Event: 2.196 Executing VM operation: ParallelGCFailedAllocation
Event: 2.328 Executing VM operation: ParallelGCFailedAllocation done


Dynamic libraries:
0x00007ff704e40000 - 0x00007ff704e77000 	C:\Program Files\Java\jdk1.8.0_65\bin\java.exe
0x00007ff94b770000 - 0x00007ff94b91c000 	C:\Windows\SYSTEM32\ntdll.dll
0x00007ff94a620000 - 0x00007ff94a75e000 	C:\Windows\system32\KERNEL32.DLL
0x00007ff948af0000 - 0x00007ff948c05000 	C:\Windows\system32\KERNELBASE.dll
0x00007ff947460000 - 0x00007ff9474ee000 	C:\Windows\system32\apphelp.dll
0x00007ff9318b0000 - 0x00007ff931903000 	C:\Windows\AppPatch\AppPatch64\AcGenral.DLL
0x00007ff94b330000 - 0x00007ff94b3da000 	C:\Windows\system32\msvcrt.dll
0x00007ff948760000 - 0x00007ff94878e000 	C:\Windows\SYSTEM32\SspiCli.dll
0x00007ff94a8f0000 - 0x00007ff94a944000 	C:\Windows\system32\SHLWAPI.dll
0x00007ff94a770000 - 0x00007ff94a8e7000 	C:\Windows\system32\USER32.dll
0x00007ff94ab30000 - 0x00007ff94acc4000 	C:\Windows\system32\ole32.dll
0x00007ff949030000 - 0x00007ff94a55b000 	C:\Windows\system32\SHELL32.dll
0x00007ff947ee0000 - 0x00007ff947f01000 	C:\Windows\SYSTEM32\USERENV.dll
0x00007ff94aa80000 - 0x00007ff94ab2a000 	C:\Windows\system32\ADVAPI32.dll
0x00007ff93b590000 - 0x00007ff93b5ae000 	C:\Windows\SYSTEM32\MPR.dll
0x00007ff948e80000 - 0x00007ff948fc1000 	C:\Windows\system32\RPCRT4.dll
0x00007ff94aed0000 - 0x00007ff94af29000 	C:\Windows\SYSTEM32\sechost.dll
0x00007ff94b3e0000 - 0x00007ff94b5f1000 	C:\Windows\SYSTEM32\combase.dll
0x00007ff94af30000 - 0x00007ff94b07f000 	C:\Windows\system32\GDI32.dll
0x00007ff9488c0000 - 0x00007ff9488d5000 	C:\Windows\SYSTEM32\profapi.dll
0x00007ff946c80000 - 0x00007ff946d32000 	C:\Windows\SYSTEM32\SHCORE.dll
0x00007ff94ae80000 - 0x00007ff94aeb6000 	C:\Windows\system32\IMM32.DLL
0x00007ff94b610000 - 0x00007ff94b762000 	C:\Windows\system32\MSCTF.dll
0x00007ff946120000 - 0x00007ff94639b000 	C:\Windows\WinSxS\amd64_microsoft.windows.common-controls_6595b64144ccf1df_6.0.9600.18006_none_623f33d3ecbe86e8\COMCTL32.dll
0x00000000540e0000 - 0x00000000541b2000 	C:\Program Files\Java\jdk1.8.0_65\jre\bin\msvcr100.dll
0x00000000541c0000 - 0x0000000054a49000 	C:\Program Files\Java\jdk1.8.0_65\jre\bin\server\jvm.dll
0x00007ff93f2f0000 - 0x00007ff93f2f9000 	C:\Windows\SYSTEM32\WSOCK32.dll
0x00007ff941bc0000 - 0x00007ff941be2000 	C:\Windows\SYSTEM32\WINMM.dll
0x00007ff93f2e0000 - 0x00007ff93f2ea000 	C:\Windows\SYSTEM32\VERSION.dll
0x00007ff94b600000 - 0x00007ff94b607000 	C:\Windows\system32\PSAPI.DLL
0x00007ff94aa20000 - 0x00007ff94aa7a000 	C:\Windows\system32\WS2_32.dll
0x00007ff9417f0000 - 0x00007ff94181a000 	C:\Windows\SYSTEM32\WINMMBASE.dll
0x00007ff94b260000 - 0x00007ff94b269000 	C:\Windows\system32\NSI.dll
0x00007ff948aa0000 - 0x00007ff948aef000 	C:\Windows\SYSTEM32\cfgmgr32.dll
0x00007ff9476e0000 - 0x00007ff947708000 	C:\Windows\SYSTEM32\DEVOBJ.dll
0x00000000550a0000 - 0x00000000550af000 	C:\Program Files\Java\jdk1.8.0_65\jre\bin\verify.dll
0x0000000055070000 - 0x0000000055099000 	C:\Program Files\Java\jdk1.8.0_65\jre\bin\java.dll
0x0000000055050000 - 0x0000000055066000 	C:\Program Files\Java\jdk1.8.0_65\jre\bin\zip.dll

VM Arguments:
jvm_args: -Xmx1024M -Dfile.encoding=x-windows-949 -Duser.country=KR -Duser.language=ko -Duser.variant 
java_command: com.android.dx.command.Main --dex --num-threads=4 --output C:\Users\Public\Downloads\Mobile\MyApplication5_3\app\build\intermediates\pre-dexed\debug\classes-f5886ed8bd7e46386fae34aca9d6c8949d73395b.jar C:\Users\Public\Downloads\Mobile\MyApplication5_3\app\build\intermediates\exploded-aar\com.google.android.gms\play-services-wearable\8.1.0\jars\classes.jar
java_class_path (initial): C:\Users\Public\Downloads\build-tools\23.0.2\lib\dx.jar
Launcher Type: SUN_STANDARD

Environment Variables:
JAVA_HOME=C:\Program Files (x86)\Java\jdk1.8.0_51
CLASSPATH=.;C:\Program Files (x86)\Java\jdk1.8.0_51\bin;
PATH=C:\ProgramData\Oracle\Java\javapath;C:\Program Files\Intel\WiFi\bin\;C:\Program Files\Common Files\Intel\WirelessCommon\;C:\Program Files (x86)\Java\jdk1.8.0_51\bin;C:\Program Files\Microsoft\Web Platform Installer\;C:\Program Files (x86)\Windows Kits\8.1\Windows Performance Toolkit\C:\Windows\system32;C:\Windows;C:\Program Files\Intel\WiFi\bin\;C:\Program Files\Common Files\Intel\WirelessCommon\;C:\Program Files (x86)\Java\jdk1.8.0_51\bin;C:\Users\Çý·É\AppData\Local\Programs\Git\cmd;C:\Users\Çý·É\AppData\Local\Programs\Git\mingw64\bin;C:\Users\Çý·É\AppData\Local\Programs\Git\usr\bin
USERNAME=Çý·É
OS=Windows_NT
PROCESSOR_IDENTIFIER=Intel64 Family 6 Model 61 Stepping 4, GenuineIntel



---------------  S Y S T E M  ---------------

OS: Windows 8.1 , 64 bit Build 9600 (6.3.9600.17415)

CPU:total 4 (2 cores per cpu, 2 threads per core) family 6 model 61 stepping 4, cmov, cx8, fxsr, mmx, sse, sse2, sse3, ssse3, sse4.1, sse4.2, popcnt, avx, avx2, aes, clmul, erms, 3dnowpref, lzcnt, ht, tsc, tscinvbit, bmi1, bmi2, adx

Memory: 4k page, physical 4097964k(281584k free), swap 7243692k(3908k free)

vm_info: Java HotSpot(TM) 64-Bit Server VM (25.65-b01) for windows-amd64 JRE (1.8.0_65-b17), built on Oct  6 2015 16:39:20 by "java_re" with MS VC++ 10.0 (VS2010)

time: Thu Dec 03 21:35:42 2015
elapsed time: 2 seconds (0d 0h 0m 2s)

