#
# There is insufficient memory for the Java Runtime Environment to continue.
# Native memory allocation (malloc) failed to allocate 563216 bytes for Chunk::new
# Possible reasons:
#   The system is out of physical RAM or swap space
#   In 32 bit mode, the process size limit was hit
# Possible solutions:
#   Reduce memory load on the system
#   Increase physical memory or swap space
#   Check if swap backing store is full
#   Use 64 bit Java on a 64 bit OS
#   Decrease Java heap size (-Xmx/-Xms)
#   Decrease number of Java threads
#   Decrease Java thread stack sizes (-Xss)
#   Set larger code cache with -XX:ReservedCodeCacheSize=
# This output file may be truncated or incomplete.
#
#  Out of Memory Error (allocation.cpp:390), pid=7660, tid=4952
#
# JRE version: Java(TM) SE Runtime Environment (8.0_65-b17) (build 1.8.0_65-b17)
# Java VM: Java HotSpot(TM) 64-Bit Server VM (25.65-b01 mixed mode windows-amd64 compressed oops)
# Failed to write core dump. Minidumps are not enabled by default on client versions of Windows
#

---------------  T H R E A D  ---------------

Current thread (0x0000000016404800):  JavaThread "C2 CompilerThread1" daemon [_thread_in_native, id=4952, stack(0x00000000167b0000,0x00000000168b0000)]

Stack: [0x00000000167b0000,0x00000000168b0000]
[error occurred during error reporting (printing stack bounds), id 0xc0000005]

Native frames: (J=compiled Java code, j=interpreted, Vv=VM code, C=native code)


Current CompileTask:
C2:  18221 1971       4       com.android.dx.ssa.PhiTypeResolver::run (179 bytes)


---------------  P R O C E S S  ---------------

Java Threads: ( => current thread )
  0x000000001663d800 JavaThread "pool-1-thread-4" [_thread_in_vm, id=9088, stack(0x00000000177b0000,0x00000000178b0000)]
  0x0000000016635000 JavaThread "pool-1-thread-3" [_thread_in_Java, id=2508, stack(0x00000000176b0000,0x00000000177b0000)]
  0x0000000016665000 JavaThread "pool-1-thread-2" [_thread_blocked, id=2304, stack(0x00000000175b0000,0x00000000176b0000)]
  0x00000000165ac800 JavaThread "pool-2-thread-1" [_thread_blocked, id=7856, stack(0x00000000174b0000,0x00000000175b0000)]
  0x00000000165ab800 JavaThread "pool-1-thread-1" [_thread_blocked, id=5760, stack(0x00000000173b0000,0x00000000174b0000)]
  0x0000000016410800 JavaThread "Service Thread" daemon [_thread_blocked, id=7016, stack(0x00000000169b0000,0x0000000016ab0000)]
  0x000000001640a800 JavaThread "C1 CompilerThread2" daemon [_thread_blocked, id=6792, stack(0x00000000168b0000,0x00000000169b0000)]
=>0x0000000016404800 JavaThread "C2 CompilerThread1" daemon [_thread_in_native, id=4952, stack(0x00000000167b0000,0x00000000168b0000)]
  0x0000000014d9a000 JavaThread "C2 CompilerThread0" daemon [_thread_in_native, id=2844, stack(0x00000000162b0000,0x00000000163b0000)]
  0x0000000014d4e800 JavaThread "Attach Listener" daemon [_thread_blocked, id=8924, stack(0x00000000161b0000,0x00000000162b0000)]
  0x0000000014d38800 JavaThread "Signal Dispatcher" daemon [_thread_blocked, id=6504, stack(0x00000000160b0000,0x00000000161b0000)]
  0x0000000002666000 JavaThread "Finalizer" daemon [_thread_blocked, id=8044, stack(0x0000000015fb0000,0x00000000160b0000)]
  0x000000000265d000 JavaThread "Reference Handler" daemon [_thread_blocked, id=5348, stack(0x0000000015eb0000,0x0000000015fb0000)]
  0x000000000216d800 JavaThread "main" [_thread_in_Java, id=3588, stack(0x0000000002470000,0x0000000002570000)]

Other Threads:
  0x0000000014d08000 VMThread [stack: 0x0000000015db0000,0x0000000015eb0000] [id=436]
  0x0000000016474000 WatcherThread [stack: 0x0000000016ab0000,0x0000000016bb0000] [id=1524]

VM state:not at safepoint (normal execution)

VM Mutex/Monitor currently owned by a thread: None

Heap:
 PSYoungGen      total 68096K, used 62183K [0x00000000eab00000, 0x00000000f4d00000, 0x0000000100000000)
  eden space 65536K, 91% used [0x00000000eab00000,0x00000000ee53dd98,0x00000000eeb00000)
  from space 2560K, 99% used [0x00000000eeb00000,0x00000000eed7bf60,0x00000000eed80000)
  to   space 17408K, 0% used [0x00000000f3c00000,0x00000000f3c00000,0x00000000f4d00000)
 ParOldGen       total 44032K, used 27053K [0x00000000c0000000, 0x00000000c2b00000, 0x00000000eab00000)
  object space 44032K, 61% used [0x00000000c0000000,0x00000000c1a6b438,0x00000000c2b00000)
 Metaspace       used 6432K, capacity 7158K, committed 7296K, reserved 1056768K
  class space    used 604K, capacity 622K, committed 640K, reserved 1048576K

Card table byte_map: [0x0000000011a30000,0x0000000011c40000] byte_map_base: 0x0000000011430000

Marking Bits: (ParMarkBitMap*) 0x00000000549ca5b0
 Begin Bits: [0x00000000121a0000, 0x00000000131a0000)
 End Bits:   [0x00000000131a0000, 0x00000000141a0000)

Polling page: 0x00000000008f0000

CodeCache: size=245760Kb used=9643Kb max_used=9643Kb free=236116Kb
 bounds [0x0000000002670000, 0x0000000002ff0000, 0x0000000011670000]
 total_blobs=2284 nmethods=2013 adapters=184
 compilation: enabled

Compilation events (10 events):
Event: 17.861 Thread 0x000000001640a800 2002       3       com.android.dx.dex.cf.AttributeTranslator::translateEnclosingMethod (50 bytes)
Event: 17.862 Thread 0x000000001640a800 nmethod 2002 0x0000000002f957d0 code [0x0000000002f95a20, 0x0000000002f96888]
Event: 17.862 Thread 0x000000001640a800 2003       3       com.android.dx.command.dexer.Main::parseClass (33 bytes)
Event: 17.863 Thread 0x000000001640a800 nmethod 2003 0x0000000002f96e90 code [0x0000000002f97060, 0x0000000002f976f8]
Event: 17.863 Thread 0x000000001640a800 2004       3       com.android.dx.command.dexer.Main::access$2500 (4 bytes)
Event: 17.863 Thread 0x000000001640a800 nmethod 2004 0x0000000002f97b10 code [0x0000000002f97c60, 0x0000000002f97db0]
Event: 17.863 Thread 0x000000001640a800 2006       3       com.android.dx.command.dexer.Main$ClassTranslatorTask::call (5 bytes)
Event: 17.863 Thread 0x000000001640a800 nmethod 2006 0x0000000002f97e10 code [0x0000000002f97f80, 0x0000000002f981e8]
Event: 17.863 Thread 0x000000001640a800 2007       3       com.android.dx.command.dexer.Main$ClassTranslatorTask::call (14 bytes)
Event: 17.864 Thread 0x000000001640a800 nmethod 2007 0x0000000002f98310 code [0x0000000002f98480, 0x0000000002f98668]

GC Heap History (10 events):
Event: 2.229 GC heap before
{Heap before GC invocations=1 (full 0):
 PSYoungGen      total 18944K, used 16384K [0x00000000eab00000, 0x00000000ec000000, 0x0000000100000000)
  eden space 16384K, 100% used [0x00000000eab00000,0x00000000ebb00000,0x00000000ebb00000)
  from space 2560K, 0% used [0x00000000ebd80000,0x00000000ebd80000,0x00000000ec000000)
  to   space 2560K, 0% used [0x00000000ebb00000,0x00000000ebb00000,0x00000000ebd80000)
 ParOldGen       total 44032K, used 0K [0x00000000c0000000, 0x00000000c2b00000, 0x00000000eab00000)
  object space 44032K, 0% used [0x00000000c0000000,0x00000000c0000000,0x00000000c2b00000)
 Metaspace       used 4129K, capacity 5168K, committed 5376K, reserved 1056768K
  class space    used 454K, capacity 488K, committed 512K, reserved 1048576K
Event: 2.630 GC heap after
Heap after GC invocations=1 (full 0):
 PSYoungGen      total 18944K, used 1873K [0x00000000eab00000, 0x00000000ed000000, 0x0000000100000000)
  eden space 16384K, 0% used [0x00000000eab00000,0x00000000eab00000,0x00000000ebb00000)
  from space 2560K, 73% used [0x00000000ebb00000,0x00000000ebcd4708,0x00000000ebd80000)
  to   space 2560K, 0% used [0x00000000ecd80000,0x00000000ecd80000,0x00000000ed000000)
 ParOldGen       total 44032K, used 8K [0x00000000c0000000, 0x00000000c2b00000, 0x00000000eab00000)
  object space 44032K, 0% used [0x00000000c0000000,0x00000000c0002000,0x00000000c2b00000)
 Metaspace       used 4129K, capacity 5168K, committed 5376K, reserved 1056768K
  class space    used 454K, capacity 488K, committed 512K, reserved 1048576K
}
Event: 4.872 GC heap before
{Heap before GC invocations=2 (full 0):
 PSYoungGen      total 18944K, used 18257K [0x00000000eab00000, 0x00000000ed000000, 0x0000000100000000)
  eden space 16384K, 100% used [0x00000000eab00000,0x00000000ebb00000,0x00000000ebb00000)
  from space 2560K, 73% used [0x00000000ebb00000,0x00000000ebcd4708,0x00000000ebd80000)
  to   space 2560K, 0% used [0x00000000ecd80000,0x00000000ecd80000,0x00000000ed000000)
 ParOldGen       total 44032K, used 8K [0x00000000c0000000, 0x00000000c2b00000, 0x00000000eab00000)
  object space 44032K, 0% used [0x00000000c0000000,0x00000000c0002000,0x00000000c2b00000)
 Metaspace       used 5901K, capacity 6772K, committed 7040K, reserved 1056768K
  class space    used 599K, capacity 620K, committed 640K, reserved 1048576K
Event: 5.145 GC heap after
Heap after GC invocations=2 (full 0):
 PSYoungGen      total 35328K, used 2528K [0x00000000eab00000, 0x00000000ed000000, 0x0000000100000000)
  eden space 32768K, 0% used [0x00000000eab00000,0x00000000eab00000,0x00000000ecb00000)
  from space 2560K, 98% used [0x00000000ecd80000,0x00000000ecff8270,0x00000000ed000000)
  to   space 2560K, 0% used [0x00000000ecb00000,0x00000000ecb00000,0x00000000ecd80000)
 ParOldGen       total 44032K, used 2036K [0x00000000c0000000, 0x00000000c2b00000, 0x00000000eab00000)
  object space 44032K, 4% used [0x00000000c0000000,0x00000000c01fd168,0x00000000c2b00000)
 Metaspace       used 5901K, capacity 6772K, committed 7040K, reserved 1056768K
  class space    used 599K, capacity 620K, committed 640K, reserved 1048576K
}
Event: 9.402 GC heap before
{Heap before GC invocations=3 (full 0):
 PSYoungGen      total 35328K, used 35296K [0x00000000eab00000, 0x00000000ed000000, 0x0000000100000000)
  eden space 32768K, 100% used [0x00000000eab00000,0x00000000ecb00000,0x00000000ecb00000)
  from space 2560K, 98% used [0x00000000ecd80000,0x00000000ecff8270,0x00000000ed000000)
  to   space 2560K, 0% used [0x00000000ecb00000,0x00000000ecb00000,0x00000000ecd80000)
 ParOldGen       total 44032K, used 2036K [0x00000000c0000000, 0x00000000c2b00000, 0x00000000eab00000)
  object space 44032K, 4% used [0x00000000c0000000,0x00000000c01fd168,0x00000000c2b00000)
 Metaspace       used 6196K, capacity 7028K, committed 7296K, reserved 1056768K
  class space    used 599K, capacity 620K, committed 640K, reserved 1048576K
Event: 9.686 GC heap after
Heap after GC invocations=3 (full 0):
 PSYoungGen      total 35328K, used 2537K [0x00000000eab00000, 0x00000000ef000000, 0x0000000100000000)
  eden space 32768K, 0% used [0x00000000eab00000,0x00000000eab00000,0x00000000ecb00000)
  from space 2560K, 99% used [0x00000000ecb00000,0x00000000ecd7a620,0x00000000ecd80000)
  to   space 2560K, 0% used [0x00000000eed80000,0x00000000eed80000,0x00000000ef000000)
 ParOldGen       total 44032K, used 6965K [0x00000000c0000000, 0x00000000c2b00000, 0x00000000eab00000)
  object space 44032K, 15% used [0x00000000c0000000,0x00000000c06cd5a0,0x00000000c2b00000)
 Metaspace       used 6196K, capacity 7028K, committed 7296K, reserved 1056768K
  class space    used 599K, capacity 620K, committed 640K, reserved 1048576K
}
Event: 14.026 GC heap before
{Heap before GC invocations=4 (full 0):
 PSYoungGen      total 35328K, used 35305K [0x00000000eab00000, 0x00000000ef000000, 0x0000000100000000)
  eden space 32768K, 100% used [0x00000000eab00000,0x00000000ecb00000,0x00000000ecb00000)
  from space 2560K, 99% used [0x00000000ecb00000,0x00000000ecd7a620,0x00000000ecd80000)
  to   space 2560K, 0% used [0x00000000eed80000,0x00000000eed80000,0x00000000ef000000)
 ParOldGen       total 44032K, used 6965K [0x00000000c0000000, 0x00000000c2b00000, 0x00000000eab00000)
  object space 44032K, 15% used [0x00000000c0000000,0x00000000c06cd5a0,0x00000000c2b00000)
 Metaspace       used 6297K, capacity 7094K, committed 7296K, reserved 1056768K
  class space    used 602K, capacity 622K, committed 640K, reserved 1048576K
Event: 14.699 GC heap after
Heap after GC invocations=4 (full 0):
 PSYoungGen      total 68096K, used 2537K [0x00000000eab00000, 0x00000000ef000000, 0x0000000100000000)
  eden space 65536K, 0% used [0x00000000eab00000,0x00000000eab00000,0x00000000eeb00000)
  from space 2560K, 99% used [0x00000000eed80000,0x00000000eeffa680,0x00000000ef000000)
  to   space 2560K, 0% used [0x00000000eeb00000,0x00000000eeb00000,0x00000000eed80000)
 ParOldGen       total 44032K, used 12910K [0x00000000c0000000, 0x00000000c2b00000, 0x00000000eab00000)
  object space 44032K, 29% used [0x00000000c0000000,0x00000000c0c9bbc8,0x00000000c2b00000)
 Metaspace       used 6297K, capacity 7094K, committed 7296K, reserved 1056768K
  class space    used 602K, capacity 622K, committed 640K, reserved 1048576K
}
Event: 17.482 GC heap before
{Heap before GC invocations=5 (full 0):
 PSYoungGen      total 68096K, used 68073K [0x00000000eab00000, 0x00000000ef000000, 0x0000000100000000)
  eden space 65536K, 100% used [0x00000000eab00000,0x00000000eeb00000,0x00000000eeb00000)
  from space 2560K, 99% used [0x00000000eed80000,0x00000000eeffa680,0x00000000ef000000)
  to   space 2560K, 0% used [0x00000000eeb00000,0x00000000eeb00000,0x00000000eed80000)
 ParOldGen       total 44032K, used 12910K [0x00000000c0000000, 0x00000000c2b00000, 0x00000000eab00000)
  object space 44032K, 29% used [0x00000000c0000000,0x00000000c0c9bbc8,0x00000000c2b00000)
 Metaspace       used 6376K, capacity 7158K, committed 7296K, reserved 1056768K
  class space    used 604K, capacity 622K, committed 640K, reserved 1048576K
Event: 17.732 GC heap after
Heap after GC invocations=5 (full 0):
 PSYoungGen      total 68096K, used 2543K [0x00000000eab00000, 0x00000000f4d00000, 0x0000000100000000)
  eden space 65536K, 0% used [0x00000000eab00000,0x00000000eab00000,0x00000000eeb00000)
  from space 2560K, 99% used [0x00000000eeb00000,0x00000000eed7bf60,0x00000000eed80000)
  to   space 17408K, 0% used [0x00000000f3c00000,0x00000000f3c00000,0x00000000f4d00000)
 ParOldGen       total 44032K, used 27053K [0x00000000c0000000, 0x00000000c2b00000, 0x00000000eab00000)
  object space 44032K, 61% used [0x00000000c0000000,0x00000000c1a6b438,0x00000000c2b00000)
 Metaspace       used 6376K, capacity 7158K, committed 7296K, reserved 1056768K
  class space    used 604K, capacity 622K, committed 640K, reserved 1048576K
}

Deoptimization events (10 events):
Event: 15.568 Thread 0x00000000165ab800 Uncommon trap: reason=class_check action=maybe_recompile pc=0x0000000002d18abc method=com.android.dx.cf.code.RopperMachine.run(Lcom/android/dx/cf/code/Frame;II)V @ 988
Event: 15.568 Thread 0x00000000165ab800 Uncommon trap: reason=class_check action=maybe_recompile pc=0x0000000002d18abc method=com.android.dx.cf.code.RopperMachine.run(Lcom/android/dx/cf/code/Frame;II)V @ 988
Event: 15.601 Thread 0x0000000016635000 Uncommon trap: reason=unstable_if action=reinterpret pc=0x0000000002e030e0 method=com.android.dx.ssa.LiteralOpUpgrader$1.visitNonMoveInsn(Lcom/android/dx/ssa/NormalSsaInsn;)V @ 55
Event: 15.602 Thread 0x0000000016635000 Uncommon trap: reason=unstable_if action=reinterpret pc=0x0000000002ac675c method=com.android.dx.ssa.SsaMethod.updateOneDefinition(Lcom/android/dx/ssa/SsaInsn;Lcom/android/dx/rop/code/RegisterSpec;)V @ 4
Event: 15.706 Thread 0x000000000216d800 Uncommon trap: reason=null_check action=make_not_entrant pc=0x0000000002a49084 method=com.android.dx.ssa.SsaRenamer.getLocalForNewReg(I)Lcom/android/dx/rop/code/LocalItem; @ 19
Event: 16.765 Thread 0x00000000165ab800 Uncommon trap: reason=unstable_if action=reinterpret pc=0x0000000002e6304c method=com.android.dx.cf.code.BytecodeArray.parseInstruction(ILcom/android/dx/cf/code/BytecodeArray$Visitor;)I @ 1198
Event: 16.820 Thread 0x000000001663d800 Uncommon trap: reason=class_check action=maybe_recompile pc=0x0000000002e385a4 method=com.android.dx.ssa.SsaConverter.placePhiFunctions(Lcom/android/dx/ssa/SsaMethod;Lcom/android/dx/ssa/LocalVariableInfo;I)V @ 266
Event: 17.439 Thread 0x000000001663d800 Uncommon trap: reason=class_check action=maybe_recompile pc=0x0000000002e385a4 method=com.android.dx.ssa.SsaConverter.placePhiFunctions(Lcom/android/dx/ssa/SsaMethod;Lcom/android/dx/ssa/LocalVariableInfo;I)V @ 266
Event: 17.442 Thread 0x000000001663d800 Uncommon trap: reason=class_check action=maybe_recompile pc=0x0000000002e385a4 method=com.android.dx.ssa.SsaConverter.placePhiFunctions(Lcom/android/dx/ssa/SsaMethod;Lcom/android/dx/ssa/LocalVariableInfo;I)V @ 266
Event: 17.442 Thread 0x000000001663d800 Uncommon trap: reason=class_check action=maybe_recompile pc=0x0000000002e385a4 method=com.android.dx.ssa.SsaConverter.placePhiFunctions(Lcom/android/dx/ssa/SsaMethod;Lcom/android/dx/ssa/LocalVariableInfo;I)V @ 266

Internal exceptions (4 events):
Event: 0.154 Thread 0x000000000216d800 Exception <a 'java/lang/NoSuchMethodError': Method sun.misc.Unsafe.defineClass(Ljava/lang/String;[BII)Ljava/lang/Class; name or signature does not match> (0x00000000eab12f40) thrown at [C:\workspace\8-2-build-windows-amd64-cygwin\jdk8u65\4987\hotspot\src\s¥=yè¡√?
Event: 0.154 Thread 0x000000000216d800 Exception <a 'java/lang/NoSuchMethodError': Method sun.misc.Unsafe.prefetchRead(Ljava/lang/Object;J)V name or signature does not match> (0x00000000eab13228) thrown at [C:\workspace\8-2-build-windows-amd64-cygwin\jdk8u65\4987\hotspot\src\share\vm\prims\jni.(óWWÂ@
Event: 6.015 Thread 0x0000000016635000 Implicit null exception at 0x00000000028fa8a2 to 0x00000000028fa99a
Event: 15.706 Thread 0x000000000216d800 Implicit null exception at 0x0000000002a482ae to 0x0000000002a49051

Events (10 events):
Event: 17.441 Thread 0x000000001663d800 Uncommon trap: trap_request=0xffffffde fr.pc=0x0000000002e385a4
Event: 17.442 Thread 0x000000001663d800 DEOPT PACKING pc=0x0000000002e385a4 sp=0x00000000178aeb50
Event: 17.442 Thread 0x000000001663d800 DEOPT UNPACKING pc=0x00000000026b582a sp=0x00000000178aeb38 mode 2
Event: 17.442 Thread 0x000000001663d800 Uncommon trap: trap_request=0xffffffde fr.pc=0x0000000002e385a4
Event: 17.442 Thread 0x000000001663d800 DEOPT PACKING pc=0x0000000002e385a4 sp=0x00000000178aeb50
Event: 17.442 Thread 0x000000001663d800 DEOPT UNPACKING pc=0x00000000026b582a sp=0x00000000178aeb38 mode 2
Event: 17.448 Executing VM operation: ParallelGCFailedAllocation
Event: 17.732 Executing VM operation: ParallelGCFailedAllocation done
Event: 17.764 Thread 0x000000001663d800 DEOPT PACKING pc=0x0000000002b8425a sp=0x00000000178ae8d0
Event: 17.764 Thread 0x000000001663d800 DEOPT UNPACKING pc=0x00000000026b787f sp=0x00000000178ae608 mode 0


Dynamic libraries:
0x00007ff704e40000 - 0x00007ff704e77000 	C:\Program Files\Java\jdk1.8.0_65\bin\java.exe
0x00007ff94b770000 - 0x00007ff94b91c000 	C:\Windows\SYSTEM32\ntdll.dll
0x00007ff94a620000 - 0x00007ff94a75e000 	C:\Windows\system32\KERNEL32.DLL
0x00007ff948af0000 - 0x00007ff948c05000 	C:\Windows\system32\KERNELBASE.dll
0x00007ff947460000 - 0x00007ff9474ee000 	C:\Windows\system32\apphelp.dll
0x00007ff9318b0000 - 0x00007ff931903000 	C:\Windows\AppPatch\AppPatch64\AcGenral.DLL
0x00007ff94b330000 - 0x00007ff94b3da000 	C:\Windows\system32\msvcrt.dll
0x00007ff948760000 - 0x00007ff94878e000 	C:\Windows\SYSTEM32\SspiCli.dll
0x00007ff94a8f0000 - 0x00007ff94a944000 	C:\Windows\system32\SHLWAPI.dll
0x00007ff94a770000 - 0x00007ff94a8e7000 	C:\Windows\system32\USER32.dll
0x00007ff94ab30000 - 0x00007ff94acc4000 	C:\Windows\system32\ole32.dll
0x00007ff949030000 - 0x00007ff94a55b000 	C:\Windows\system32\SHELL32.dll
0x00007ff947ee0000 - 0x00007ff947f01000 	C:\Windows\SYSTEM32\USERENV.dll
0x00007ff94aa80000 - 0x00007ff94ab2a000 	C:\Windows\system32\ADVAPI32.dll
0x00007ff93b590000 - 0x00007ff93b5ae000 	C:\Windows\SYSTEM32\MPR.dll
0x00007ff948e80000 - 0x00007ff948fc1000 	C:\Windows\system32\RPCRT4.dll
0x00007ff94aed0000 - 0x00007ff94af29000 	C:\Windows\SYSTEM32\sechost.dll
0x00007ff94b3e0000 - 0x00007ff94b5f1000 	C:\Windows\SYSTEM32\combase.dll
0x00007ff94af30000 - 0x00007ff94b07f000 	C:\Windows\system32\GDI32.dll
0x00007ff9488c0000 - 0x00007ff9488d5000 	C:\Windows\SYSTEM32\profapi.dll
0x00007ff946c80000 - 0x00007ff946d32000 	C:\Windows\SYSTEM32\SHCORE.dll
0x00007ff94ae80000 - 0x00007ff94aeb6000 	C:\Windows\system32\IMM32.DLL
0x00007ff94b610000 - 0x00007ff94b762000 	C:\Windows\system32\MSCTF.dll
0x00007ff946120000 - 0x00007ff94639b000 	C:\Windows\WinSxS\amd64_microsoft.windows.common-controls_6595b64144ccf1df_6.0.9600.18006_none_623f33d3ecbe86e8\COMCTL32.dll
0x00000000540e0000 - 0x00000000541b2000 	C:\Program Files\Java\jdk1.8.0_65\jre\bin\msvcr100.dll
0x00000000541c0000 - 0x0000000054a49000 	C:\Program Files\Java\jdk1.8.0_65\jre\bin\server\jvm.dll
0x00007ff93f2f0000 - 0x00007ff93f2f9000 	C:\Windows\SYSTEM32\WSOCK32.dll
0x00007ff941bc0000 - 0x00007ff941be2000 	C:\Windows\SYSTEM32\WINMM.dll
0x00007ff93f2e0000 - 0x00007ff93f2ea000 	C:\Windows\SYSTEM32\VERSION.dll
0x00007ff94b600000 - 0x00007ff94b607000 	C:\Windows\system32\PSAPI.DLL
0x00007ff94aa20000 - 0x00007ff94aa7a000 	C:\Windows\system32\WS2_32.dll
0x00007ff9417f0000 - 0x00007ff94181a000 	C:\Windows\SYSTEM32\WINMMBASE.dll
0x00007ff94b260000 - 0x00007ff94b269000 	C:\Windows\system32\NSI.dll
0x00007ff948aa0000 - 0x00007ff948aef000 	C:\Windows\SYSTEM32\cfgmgr32.dll
0x00007ff9476e0000 - 0x00007ff947708000 	C:\Windows\SYSTEM32\DEVOBJ.dll
0x00000000550a0000 - 0x00000000550af000 	C:\Program Files\Java\jdk1.8.0_65\jre\bin\verify.dll
0x0000000055070000 - 0x0000000055099000 	C:\Program Files\Java\jdk1.8.0_65\jre\bin\java.dll
0x0000000055050000 - 0x0000000055066000 	C:\Program Files\Java\jdk1.8.0_65\jre\bin\zip.dll

VM Arguments:
jvm_args: -Xmx1024M -Dfile.encoding=x-windows-949 -Duser.country=KR -Duser.language=ko -Duser.variant 
java_command: com.android.dx.command.Main --dex --num-threads=4 --output C:\Users\Public\Downloads\Mobile\MyApplication5_3\app\build\intermediates\pre-dexed\debug\classes-e8acb2b97287fc91475f9a140e4ce9c0ad0a2d00.jar C:\Users\Public\Downloads\Mobile\MyApplication5_3\app\build\intermediates\exploded-aar\com.google.android.gms\play-services-games\8.1.0\jars\classes.jar
java_class_path (initial): C:\Users\Public\Downloads\build-tools\23.0.2\lib\dx.jar
Launcher Type: SUN_STANDARD

Environment Variables:
JAVA_HOME=C:\Program Files (x86)\Java\jdk1.8.0_51
CLASSPATH=.;C:\Program Files (x86)\Java\jdk1.8.0_51\bin;
PATH=C:\ProgramData\Oracle\Java\javapath;C:\Program Files\Intel\WiFi\bin\;C:\Program Files\Common Files\Intel\WirelessCommon\;C:\Program Files (x86)\Java\jdk1.8.0_51\bin;C:\Program Files\Microsoft\Web Platform Installer\;C:\Program Files (x86)\Windows Kits\8.1\Windows Performance Toolkit\C:\Windows\system32;C:\Windows;C:\Program Files\Intel\WiFi\bin\;C:\Program Files\Common Files\Intel\WirelessCommon\;C:\Program Files (x86)\Java\jdk1.8.0_51\bin;C:\Users\«˝∑…\AppData\Local\Programs\Git\cmd;C:\Users\«˝∑…\AppData\Local\Programs\Git\mingw64\bin;C:\Users\«˝∑…\AppData\Local\Programs\Git\usr\bin
USERNAME=«˝∑…
OS=Windows_NT
PROCESSOR_IDENTIFIER=Intel64 Family 6 Model 61 Stepping 4, GenuineIntel



---------------  S Y S T E M  ---------------

OS: Windows 8.1 , 64 bit Build 9600 (6.3.9600.17415)

CPU:total 4 (2 cores per cpu, 2 threads per core) family 6 model 61 stepping 4, cmov, cx8, fxsr, mmx, sse, sse2, sse3, ssse3, sse4.1, sse4.2, popcnt, avx, avx2, aes, clmul, erms, 3dnowpref, lzcnt, ht, tsc, tscinvbit, bmi1, bmi2, adx

Memory: 4k page, physical 4097964k(634500k free), swap 7243692k(12416k free)

vm_info: Java HotSpot(TM) 64-Bit Server VM (25.65-b01) for windows-amd64 JRE (1.8.0_65-b17), built on Oct  6 2015 16:39:20 by "java_re" with MS VC++ 10.0 (VS2010)

time: Thu Dec 03 21:44:54 2015
elapsed time: 18 seconds (0d 0h 0m 18s)

