#
# There is insufficient memory for the Java Runtime Environment to continue.
# Native memory allocation (malloc) failed to allocate 32744 bytes for ChunkPool::allocate
# Possible reasons:
#   The system is out of physical RAM or swap space
#   In 32 bit mode, the process size limit was hit
# Possible solutions:
#   Reduce memory load on the system
#   Increase physical memory or swap space
#   Check if swap backing store is full
#   Use 64 bit Java on a 64 bit OS
#   Decrease Java heap size (-Xmx/-Xms)
#   Decrease number of Java threads
#   Decrease Java thread stack sizes (-Xss)
#   Set larger code cache with -XX:ReservedCodeCacheSize=
# This output file may be truncated or incomplete.
#
#  Out of Memory Error (allocation.cpp:273), pid=7188, tid=8252
#
# JRE version: Java(TM) SE Runtime Environment (8.0_65-b17) (build 1.8.0_65-b17)
# Java VM: Java HotSpot(TM) 64-Bit Server VM (25.65-b01 mixed mode windows-amd64 compressed oops)
# Failed to write core dump. Minidumps are not enabled by default on client versions of Windows
#

---------------  T H R E A D  ---------------

Current thread (0x00000000165ed800):  JavaThread "C1 CompilerThread2" daemon [_thread_in_native, id=8252, stack(0x0000000016ad0000,0x0000000016bd0000)]

Stack: [0x0000000016ad0000,0x0000000016bd0000]
[error occurred during error reporting (printing stack bounds), id 0xc0000005]

Native frames: (J=compiled Java code, j=interpreted, Vv=VM code, C=native code)


Current CompileTask:
C1:   2619  669   !   3       com.android.dx.cf.code.BytecodeArray::parseInstruction (2764 bytes)


---------------  P R O C E S S  ---------------

Java Threads: ( => current thread )
  0x000000001688f000 JavaThread "pool-1-thread-4" [_thread_blocked, id=6932, stack(0x00000000179d0000,0x0000000017ad0000)]
  0x000000001688e800 JavaThread "pool-1-thread-3" [_thread_in_Java, id=7572, stack(0x00000000178d0000,0x00000000179d0000)]
  0x000000001688d800 JavaThread "pool-1-thread-2" [_thread_in_Java, id=8000, stack(0x00000000177d0000,0x00000000178d0000)]
  0x0000000016848800 JavaThread "pool-2-thread-1" [_thread_blocked, id=6992, stack(0x00000000176d0000,0x00000000177d0000)]
  0x0000000016845800 JavaThread "pool-1-thread-1" [_thread_blocked, id=4276, stack(0x00000000175d0000,0x00000000176d0000)]
  0x0000000016662000 JavaThread "Service Thread" daemon [_thread_blocked, id=5276, stack(0x0000000016bd0000,0x0000000016cd0000)]
=>0x00000000165ed800 JavaThread "C1 CompilerThread2" daemon [_thread_in_native, id=8252, stack(0x0000000016ad0000,0x0000000016bd0000)]
  0x0000000014f4e000 JavaThread "C2 CompilerThread1" daemon [_thread_blocked, id=8760, stack(0x00000000169d0000,0x0000000016ad0000)]
  0x0000000014f4b000 JavaThread "C2 CompilerThread0" daemon [_thread_blocked, id=780, stack(0x00000000164d0000,0x00000000165d0000)]
  0x0000000014f49000 JavaThread "Attach Listener" daemon [_thread_blocked, id=7748, stack(0x00000000163d0000,0x00000000164d0000)]
  0x0000000014efe000 JavaThread "Signal Dispatcher" daemon [_thread_blocked, id=1596, stack(0x00000000162d0000,0x00000000163d0000)]
  0x0000000002811800 JavaThread "Finalizer" daemon [_thread_blocked, id=2032, stack(0x0000000016150000,0x0000000016250000)]
  0x000000000280e800 JavaThread "Reference Handler" daemon [_thread_blocked, id=7824, stack(0x0000000016050000,0x0000000016150000)]
  0x0000000000c0d800 JavaThread "main" [_thread_in_vm, id=7360, stack(0x0000000002620000,0x0000000002720000)]

Other Threads:
  0x0000000014eb7000 VMThread [stack: 0x0000000015f50000,0x0000000016050000] [id=452]
  0x0000000016693000 WatcherThread [stack: 0x0000000016cd0000,0x0000000016dd0000] [id=3816]

VM state:not at safepoint (normal execution)

VM Mutex/Monitor currently owned by a thread: None

Heap:
 PSYoungGen      total 18944K, used 5660K [0x00000000eab00000, 0x00000000ec000000, 0x0000000100000000)
  eden space 16384K, 18% used [0x00000000eab00000,0x00000000eae07768,0x00000000ebb00000)
  from space 2560K, 99% used [0x00000000ebb00000,0x00000000ebd7fc28,0x00000000ebd80000)
  to   space 2560K, 0% used [0x00000000ebd80000,0x00000000ebd80000,0x00000000ec000000)
 ParOldGen       total 44032K, used 852K [0x00000000c0000000, 0x00000000c2b00000, 0x00000000eab00000)
  object space 44032K, 1% used [0x00000000c0000000,0x00000000c00d52d8,0x00000000c2b00000)
 Metaspace       used 5674K, capacity 6578K, committed 6784K, reserved 1056768K
  class space    used 596K, capacity 618K, committed 640K, reserved 1048576K

Card table byte_map: [0x0000000011be0000,0x0000000011df0000] byte_map_base: 0x00000000115e0000

Marking Bits: (ParMarkBitMap*) 0x00000000549ca5b0
 Begin Bits: [0x0000000012350000, 0x0000000013350000)
 End Bits:   [0x0000000013350000, 0x0000000014350000)

Polling page: 0x0000000000b00000

CodeCache: size=245760Kb used=2514Kb max_used=2536Kb free=243245Kb
 bounds [0x0000000002820000, 0x0000000002aa0000, 0x0000000011820000]
 total_blobs=939 nmethods=668 adapters=184
 compilation: enabled

Compilation events (10 events):
Event: 2.585 Thread 0x0000000014f4b000 nmethod 676 0x0000000002a7db10 code [0x0000000002a7dc60, 0x0000000002a7dd98]
Event: 2.585 Thread 0x0000000014f4b000  681       4       com.android.dx.rop.code.BasicBlockList::get (9 bytes)
Event: 2.587 Thread 0x0000000014f4b000 nmethod 681 0x0000000002a94e10 code [0x0000000002a94f60, 0x0000000002a95038]
Event: 2.597 Thread 0x0000000014f4e000 nmethod 667 0x0000000002a89690 code [0x0000000002a89820, 0x0000000002a8a238]
Event: 2.602 Thread 0x0000000014f4b000  684   !   4       com.android.dx.util.FixedSizeList::set0 (22 bytes)
Event: 2.605 Thread 0x0000000014f4b000 nmethod 684 0x0000000002a94a90 code [0x0000000002a94be0, 0x0000000002a94cf8]
Event: 2.606 Thread 0x0000000014f4e000  685       4       com.android.dx.ssa.NormalSsaInsn::isNormalMoveInsn (20 bytes)
Event: 2.606 Thread 0x0000000014f4b000  686       4       com.android.dx.ssa.SsaBasicBlock::isReachable (29 bytes)
Event: 2.608 Thread 0x0000000014f4b000 nmethod 686 0x0000000002a6fdd0 code [0x0000000002a6ff00, 0x0000000002a6ff98]
Event: 2.608 Thread 0x0000000014f4e000 nmethod 685 0x0000000002a94810 code [0x0000000002a94940, 0x0000000002a949d8]

GC Heap History (2 events):
Event: 2.310 GC heap before
{Heap before GC invocations=1 (full 0):
 PSYoungGen      total 18944K, used 16384K [0x00000000eab00000, 0x00000000ec000000, 0x0000000100000000)
  eden space 16384K, 100% used [0x00000000eab00000,0x00000000ebb00000,0x00000000ebb00000)
  from space 2560K, 0% used [0x00000000ebd80000,0x00000000ebd80000,0x00000000ec000000)
  to   space 2560K, 0% used [0x00000000ebb00000,0x00000000ebb00000,0x00000000ebd80000)
 ParOldGen       total 44032K, used 0K [0x00000000c0000000, 0x00000000c2b00000, 0x00000000eab00000)
  object space 44032K, 0% used [0x00000000c0000000,0x00000000c0000000,0x00000000c2b00000)
 Metaspace       used 5469K, capacity 6386K, committed 6528K, reserved 1056768K
  class space    used 596K, capacity 618K, committed 640K, reserved 1048576K
Event: 2.416 GC heap after
Heap after GC invocations=1 (full 0):
 PSYoungGen      total 18944K, used 2559K [0x00000000eab00000, 0x00000000ec000000, 0x0000000100000000)
  eden space 16384K, 0% used [0x00000000eab00000,0x00000000eab00000,0x00000000ebb00000)
  from space 2560K, 99% used [0x00000000ebb00000,0x00000000ebd7fc28,0x00000000ebd80000)
  to   space 2560K, 0% used [0x00000000ebd80000,0x00000000ebd80000,0x00000000ec000000)
 ParOldGen       total 44032K, used 852K [0x00000000c0000000, 0x00000000c2b00000, 0x00000000eab00000)
  object space 44032K, 1% used [0x00000000c0000000,0x00000000c00d52d8,0x00000000c2b00000)
 Metaspace       used 5469K, capacity 6386K, committed 6528K, reserved 1056768K
  class space    used 596K, capacity 618K, committed 640K, reserved 1048576K
}

Deoptimization events (0 events):
No events

Internal exceptions (2 events):
Event: 0.426 Thread 0x0000000000c0d800 Exception <a 'java/lang/NoSuchMethodError': Method sun.misc.Unsafe.defineClass(Ljava/lang/String;[BII)Ljava/lang/Class; name or signature does not match> (0x00000000eab13078) thrown at [C:\workspace\8-2-build-windows-amd64-cygwin\jdk8u65\4987\hotspot\src\sêÿ®ÙF€?
Event: 0.426 Thread 0x0000000000c0d800 Exception <a 'java/lang/NoSuchMethodError': Method sun.misc.Unsafe.prefetchRead(Ljava/lang/Object;J)V name or signature does not match> (0x00000000eab13360) thrown at [C:\workspace\8-2-build-windows-amd64-cygwin\jdk8u65\4987\hotspot\src\share\vm\prims\jni.

Events (10 events):
Event: 2.262 loading class com/android/dx/ssa/PhiInsn$Operand
Event: 2.262 loading class com/android/dx/ssa/PhiInsn$Operand done
Event: 2.266 loading class com/android/dx/ssa/back/FirstFitLocalCombiningAllocator$Multiset
Event: 2.266 loading class com/android/dx/ssa/back/FirstFitLocalCombiningAllocator$Multiset done
Event: 2.273 loading class com/android/dx/cf/code/BytecodeArray$ConstantParserVisitor
Event: 2.273 loading class com/android/dx/cf/code/BytecodeArray$ConstantParserVisitor done
Event: 2.291 Executing VM operation: ParallelGCFailedAllocation
Event: 2.416 Executing VM operation: ParallelGCFailedAllocation done
Event: 2.544 loading class java/util/ArrayList$1
Event: 2.544 loading class java/util/ArrayList$1 done


Dynamic libraries:
0x00007ff704e40000 - 0x00007ff704e77000 	C:\Program Files\Java\jdk1.8.0_65\bin\java.exe
0x00007ff94b770000 - 0x00007ff94b91c000 	C:\Windows\SYSTEM32\ntdll.dll
0x00007ff94a620000 - 0x00007ff94a75e000 	C:\Windows\system32\KERNEL32.DLL
0x00007ff948af0000 - 0x00007ff948c05000 	C:\Windows\system32\KERNELBASE.dll
0x00007ff947460000 - 0x00007ff9474ee000 	C:\Windows\system32\apphelp.dll
0x00007ff9318b0000 - 0x00007ff931903000 	C:\Windows\AppPatch\AppPatch64\AcGenral.DLL
0x00007ff94b330000 - 0x00007ff94b3da000 	C:\Windows\system32\msvcrt.dll
0x00007ff948760000 - 0x00007ff94878e000 	C:\Windows\SYSTEM32\SspiCli.dll
0x00007ff94a8f0000 - 0x00007ff94a944000 	C:\Windows\system32\SHLWAPI.dll
0x00007ff94a770000 - 0x00007ff94a8e7000 	C:\Windows\system32\USER32.dll
0x00007ff94ab30000 - 0x00007ff94acc4000 	C:\Windows\system32\ole32.dll
0x00007ff949030000 - 0x00007ff94a55b000 	C:\Windows\system32\SHELL32.dll
0x00007ff947ee0000 - 0x00007ff947f01000 	C:\Windows\SYSTEM32\USERENV.dll
0x00007ff94aa80000 - 0x00007ff94ab2a000 	C:\Windows\system32\ADVAPI32.dll
0x00007ff93b590000 - 0x00007ff93b5ae000 	C:\Windows\SYSTEM32\MPR.dll
0x00007ff948e80000 - 0x00007ff948fc1000 	C:\Windows\system32\RPCRT4.dll
0x00007ff94aed0000 - 0x00007ff94af29000 	C:\Windows\SYSTEM32\sechost.dll
0x00007ff94b3e0000 - 0x00007ff94b5f1000 	C:\Windows\SYSTEM32\combase.dll
0x00007ff94af30000 - 0x00007ff94b07f000 	C:\Windows\system32\GDI32.dll
0x00007ff9488c0000 - 0x00007ff9488d5000 	C:\Windows\SYSTEM32\profapi.dll
0x00007ff946c80000 - 0x00007ff946d32000 	C:\Windows\SYSTEM32\SHCORE.dll
0x00007ff94ae80000 - 0x00007ff94aeb6000 	C:\Windows\system32\IMM32.DLL
0x00007ff94b610000 - 0x00007ff94b762000 	C:\Windows\system32\MSCTF.dll
0x00007ff946120000 - 0x00007ff94639b000 	C:\Windows\WinSxS\amd64_microsoft.windows.common-controls_6595b64144ccf1df_6.0.9600.18006_none_623f33d3ecbe86e8\COMCTL32.dll
0x00000000540e0000 - 0x00000000541b2000 	C:\Program Files\Java\jdk1.8.0_65\jre\bin\msvcr100.dll
0x00000000541c0000 - 0x0000000054a49000 	C:\Program Files\Java\jdk1.8.0_65\jre\bin\server\jvm.dll
0x00007ff93f2f0000 - 0x00007ff93f2f9000 	C:\Windows\SYSTEM32\WSOCK32.dll
0x00007ff941bc0000 - 0x00007ff941be2000 	C:\Windows\SYSTEM32\WINMM.dll
0x00007ff93f2e0000 - 0x00007ff93f2ea000 	C:\Windows\SYSTEM32\VERSION.dll
0x00007ff94b600000 - 0x00007ff94b607000 	C:\Windows\system32\PSAPI.DLL
0x00007ff94aa20000 - 0x00007ff94aa7a000 	C:\Windows\system32\WS2_32.dll
0x00007ff9417f0000 - 0x00007ff94181a000 	C:\Windows\SYSTEM32\WINMMBASE.dll
0x00007ff94b260000 - 0x00007ff94b269000 	C:\Windows\system32\NSI.dll
0x00007ff948aa0000 - 0x00007ff948aef000 	C:\Windows\SYSTEM32\cfgmgr32.dll
0x00007ff9476e0000 - 0x00007ff947708000 	C:\Windows\SYSTEM32\DEVOBJ.dll
0x00000000550a0000 - 0x00000000550af000 	C:\Program Files\Java\jdk1.8.0_65\jre\bin\verify.dll
0x0000000055070000 - 0x0000000055099000 	C:\Program Files\Java\jdk1.8.0_65\jre\bin\java.dll
0x0000000055050000 - 0x0000000055066000 	C:\Program Files\Java\jdk1.8.0_65\jre\bin\zip.dll

VM Arguments:
jvm_args: -Xmx1024M -Dfile.encoding=x-windows-949 -Duser.country=KR -Duser.language=ko -Duser.variant 
java_command: com.android.dx.command.Main --dex --num-threads=4 --output C:\Users\Public\Downloads\Mobile\MyApplication5_3\app\build\intermediates\pre-dexed\debug\internal_impl-23.1.0-e7a745a766d0742f3aea28d38c7fb89d41f4459d.jar C:\Users\Public\Downloads\Mobile\MyApplication5_3\app\build\intermediates\exploded-aar\com.android.support\support-v4\23.1.0\jars\libs\internal_impl-23.1.0.jar
java_class_path (initial): C:\Users\Public\Downloads\build-tools\23.0.2\lib\dx.jar
Launcher Type: SUN_STANDARD

Environment Variables:
JAVA_HOME=C:\Program Files (x86)\Java\jdk1.8.0_51
CLASSPATH=.;C:\Program Files (x86)\Java\jdk1.8.0_51\bin;
PATH=C:\ProgramData\Oracle\Java\javapath;C:\Program Files\Intel\WiFi\bin\;C:\Program Files\Common Files\Intel\WirelessCommon\;C:\Program Files (x86)\Java\jdk1.8.0_51\bin;C:\Program Files\Microsoft\Web Platform Installer\;C:\Program Files (x86)\Windows Kits\8.1\Windows Performance Toolkit\C:\Windows\system32;C:\Windows;C:\Program Files\Intel\WiFi\bin\;C:\Program Files\Common Files\Intel\WirelessCommon\;C:\Program Files (x86)\Java\jdk1.8.0_51\bin;C:\Users\«˝∑…\AppData\Local\Programs\Git\cmd;C:\Users\«˝∑…\AppData\Local\Programs\Git\mingw64\bin;C:\Users\«˝∑…\AppData\Local\Programs\Git\usr\bin
USERNAME=«˝∑…
OS=Windows_NT
PROCESSOR_IDENTIFIER=Intel64 Family 6 Model 61 Stepping 4, GenuineIntel



---------------  S Y S T E M  ---------------

OS: Windows 8.1 , 64 bit Build 9600 (6.3.9600.17415)

CPU:total 4 (2 cores per cpu, 2 threads per core) family 6 model 61 stepping 4, cmov, cx8, fxsr, mmx, sse, sse2, sse3, ssse3, sse4.1, sse4.2, popcnt, avx, avx2, aes, clmul, erms, 3dnowpref, lzcnt, ht, tsc, tscinvbit, bmi1, bmi2, adx

Memory: 4k page, physical 4097964k(282796k free), swap 7243692k(5028k free)

vm_info: Java HotSpot(TM) 64-Bit Server VM (25.65-b01) for windows-amd64 JRE (1.8.0_65-b17), built on Oct  6 2015 16:39:20 by "java_re" with MS VC++ 10.0 (VS2010)

time: Thu Dec 03 21:35:42 2015
elapsed time: 2 seconds (0d 0h 0m 2s)

