#
# There is insufficient memory for the Java Runtime Environment to continue.
# Native memory allocation (malloc) failed to allocate 647376 bytes for Chunk::new
# Possible reasons:
#   The system is out of physical RAM or swap space
#   In 32 bit mode, the process size limit was hit
# Possible solutions:
#   Reduce memory load on the system
#   Increase physical memory or swap space
#   Check if swap backing store is full
#   Use 64 bit Java on a 64 bit OS
#   Decrease Java heap size (-Xmx/-Xms)
#   Decrease number of Java threads
#   Decrease Java thread stack sizes (-Xss)
#   Set larger code cache with -XX:ReservedCodeCacheSize=
# This output file may be truncated or incomplete.
#
#  Out of Memory Error (allocation.cpp:390), pid=3552, tid=8224
#
# JRE version: Java(TM) SE Runtime Environment (8.0_65-b17) (build 1.8.0_65-b17)
# Java VM: Java HotSpot(TM) 64-Bit Server VM (25.65-b01 mixed mode windows-amd64 compressed oops)
# Failed to write core dump. Minidumps are not enabled by default on client versions of Windows
#

---------------  T H R E A D  ---------------

Current thread (0x0000000014e5e800):  JavaThread "C2 CompilerThread1" daemon [_thread_in_native, id=8224, stack(0x0000000016870000,0x0000000016970000)]

Stack: [0x0000000016870000,0x0000000016970000]
[error occurred during error reporting (printing stack bounds), id 0xc0000005]

Native frames: (J=compiled Java code, j=interpreted, Vv=VM code, C=native code)


Current CompileTask:
C2:   4576 1282       4       com.android.dx.ssa.SCCP::simulateBranch (666 bytes)


---------------  P R O C E S S  ---------------

Java Threads: ( => current thread )
  0x000000001670d800 JavaThread "pool-1-thread-4" [_thread_in_vm, id=5816, stack(0x0000000017870000,0x0000000017970000)]
  0x000000001670c800 JavaThread "pool-1-thread-3" [_thread_in_Java, id=3152, stack(0x0000000017770000,0x0000000017870000)]
  0x000000001670c000 JavaThread "pool-1-thread-2" [_thread_in_Java, id=4304, stack(0x0000000017670000,0x0000000017770000)]
  0x000000001670b000 JavaThread "pool-2-thread-1" [_thread_blocked, id=1636, stack(0x0000000017570000,0x0000000017670000)]
  0x0000000016708800 JavaThread "pool-1-thread-1" [_thread_in_Java, id=8220, stack(0x0000000017470000,0x0000000017570000)]
  0x00000000164d0000 JavaThread "Service Thread" daemon [_thread_blocked, id=7712, stack(0x0000000016a70000,0x0000000016b70000)]
  0x00000000164ca000 JavaThread "C1 CompilerThread2" daemon [_thread_blocked, id=1536, stack(0x0000000016970000,0x0000000016a70000)]
=>0x0000000014e5e800 JavaThread "C2 CompilerThread1" daemon [_thread_in_native, id=8224, stack(0x0000000016870000,0x0000000016970000)]
  0x0000000014e0d000 JavaThread "C2 CompilerThread0" daemon [_thread_in_native, id=5352, stack(0x0000000016370000,0x0000000016470000)]
  0x0000000014e0b800 JavaThread "Attach Listener" daemon [_thread_blocked, id=6604, stack(0x0000000016270000,0x0000000016370000)]
  0x0000000014e0a800 JavaThread "Signal Dispatcher" daemon [_thread_blocked, id=7944, stack(0x0000000016170000,0x0000000016270000)]
  0x0000000002726000 JavaThread "Finalizer" daemon [_thread_blocked, id=1304, stack(0x0000000016070000,0x0000000016170000)]
  0x000000000271d000 JavaThread "Reference Handler" daemon [_thread_blocked, id=8952, stack(0x0000000015f70000,0x0000000016070000)]
  0x00000000009cd800 JavaThread "main" [_thread_in_Java, id=1944, stack(0x0000000002160000,0x0000000002260000)]

Other Threads:
  0x0000000014dc8000 VMThread [stack: 0x0000000015e70000,0x0000000015f70000] [id=8484]
  0x00000000164e2800 WatcherThread [stack: 0x0000000016b70000,0x0000000016c70000] [id=3320]

VM state:not at safepoint (normal execution)

VM Mutex/Monitor currently owned by a thread: None

Heap:
 PSYoungGen      total 35328K, used 12414K [0x00000000eab00000, 0x00000000ed000000, 0x0000000100000000)
  eden space 32768K, 30% used [0x00000000eab00000,0x00000000eb4a2838,0x00000000ecb00000)
  from space 2560K, 99% used [0x00000000ecd80000,0x00000000ecffd0a0,0x00000000ed000000)
  to   space 2560K, 0% used [0x00000000ecb00000,0x00000000ecb00000,0x00000000ecd80000)
 ParOldGen       total 44032K, used 3240K [0x00000000c0000000, 0x00000000c2b00000, 0x00000000eab00000)
  object space 44032K, 7% used [0x00000000c0000000,0x00000000c032a2a0,0x00000000c2b00000)
 Metaspace       used 6079K, capacity 6964K, committed 7040K, reserved 1056768K
  class space    used 599K, capacity 620K, committed 640K, reserved 1048576K

Card table byte_map: [0x0000000011af0000,0x0000000011d00000] byte_map_base: 0x00000000114f0000

Marking Bits: (ParMarkBitMap*) 0x00000000549ca5b0
 Begin Bits: [0x0000000012260000, 0x0000000013260000)
 End Bits:   [0x0000000013260000, 0x0000000014260000)

Polling page: 0x00000000009b0000

CodeCache: size=245760Kb used=5141Kb max_used=5141Kb free=240619Kb
 bounds [0x0000000002730000, 0x0000000002c40000, 0x0000000011730000]
 total_blobs=1546 nmethods=1275 adapters=184
 compilation: enabled

Compilation events (10 events):
Event: 4.522 Thread 0x00000000164ca000 nmethod 1277 0x0000000002c2df90 code [0x0000000002c2e100, 0x0000000002c2e3f0]
Event: 4.523 Thread 0x0000000014e5e800 1278       4       java.util.ArrayList$SubList::<init> (46 bytes)
Event: 4.524 Thread 0x0000000014e5e800 nmethod 1278 0x0000000002c29790 code [0x0000000002c298c0, 0x0000000002c29958]
Event: 4.526 Thread 0x00000000164ca000 1279       1       com.android.dx.dex.file.DexFile::getStringIds (5 bytes)
Event: 4.526 Thread 0x00000000164ca000 nmethod 1279 0x0000000002bfb990 code [0x0000000002bfbae0, 0x0000000002bfbbf0]
Event: 4.526 Thread 0x00000000164ca000 1280       1       com.android.dx.rop.annotation.NameValuePair::getValue (5 bytes)
Event: 4.526 Thread 0x00000000164ca000 nmethod 1280 0x0000000002c378d0 code [0x0000000002c37a20, 0x0000000002c37b30]
Event: 4.527 Thread 0x00000000164ca000 1281       3       com.android.dx.ssa.DomFront::run (264 bytes)
Event: 4.532 Thread 0x00000000164ca000 nmethod 1281 0x0000000002c37b90 code [0x0000000002c38100, 0x0000000002c3b768]
Event: 4.532 Thread 0x0000000014e5e800 1282       4       com.android.dx.ssa.SCCP::simulateBranch (666 bytes)

GC Heap History (4 events):
Event: 2.951 GC heap before
{Heap before GC invocations=1 (full 0):
 PSYoungGen      total 18944K, used 16384K [0x00000000eab00000, 0x00000000ec000000, 0x0000000100000000)
  eden space 16384K, 100% used [0x00000000eab00000,0x00000000ebb00000,0x00000000ebb00000)
  from space 2560K, 0% used [0x00000000ebd80000,0x00000000ebd80000,0x00000000ec000000)
  to   space 2560K, 0% used [0x00000000ebb00000,0x00000000ebb00000,0x00000000ebd80000)
 ParOldGen       total 44032K, used 0K [0x00000000c0000000, 0x00000000c2b00000, 0x00000000eab00000)
  object space 44032K, 0% used [0x00000000c0000000,0x00000000c0000000,0x00000000c2b00000)
 Metaspace       used 5486K, capacity 6384K, committed 6528K, reserved 1056768K
  class space    used 592K, capacity 616K, committed 640K, reserved 1048576K
Event: 3.082 GC heap after
Heap after GC invocations=1 (full 0):
 PSYoungGen      total 18944K, used 2547K [0x00000000eab00000, 0x00000000ed000000, 0x0000000100000000)
  eden space 16384K, 0% used [0x00000000eab00000,0x00000000eab00000,0x00000000ebb00000)
  from space 2560K, 99% used [0x00000000ebb00000,0x00000000ebd7cf70,0x00000000ebd80000)
  to   space 2560K, 0% used [0x00000000ecd80000,0x00000000ecd80000,0x00000000ed000000)
 ParOldGen       total 44032K, used 995K [0x00000000c0000000, 0x00000000c2b00000, 0x00000000eab00000)
  object space 44032K, 2% used [0x00000000c0000000,0x00000000c00f8df0,0x00000000c2b00000)
 Metaspace       used 5486K, capacity 6384K, committed 6528K, reserved 1056768K
  class space    used 592K, capacity 616K, committed 640K, reserved 1048576K
}
Event: 4.029 GC heap before
{Heap before GC invocations=2 (full 0):
 PSYoungGen      total 18944K, used 18931K [0x00000000eab00000, 0x00000000ed000000, 0x0000000100000000)
  eden space 16384K, 100% used [0x00000000eab00000,0x00000000ebb00000,0x00000000ebb00000)
  from space 2560K, 99% used [0x00000000ebb00000,0x00000000ebd7cf70,0x00000000ebd80000)
  to   space 2560K, 0% used [0x00000000ecd80000,0x00000000ecd80000,0x00000000ed000000)
 ParOldGen       total 44032K, used 995K [0x00000000c0000000, 0x00000000c2b00000, 0x00000000eab00000)
  object space 44032K, 2% used [0x00000000c0000000,0x00000000c00f8df0,0x00000000c2b00000)
 Metaspace       used 6021K, capacity 6898K, committed 7040K, reserved 1056768K
  class space    used 597K, capacity 618K, committed 640K, reserved 1048576K
Event: 4.041 GC heap after
Heap after GC invocations=2 (full 0):
 PSYoungGen      total 35328K, used 2548K [0x00000000eab00000, 0x00000000ed000000, 0x0000000100000000)
  eden space 32768K, 0% used [0x00000000eab00000,0x00000000eab00000,0x00000000ecb00000)
  from space 2560K, 99% used [0x00000000ecd80000,0x00000000ecffd0a0,0x00000000ed000000)
  to   space 2560K, 0% used [0x00000000ecb00000,0x00000000ecb00000,0x00000000ecd80000)
 ParOldGen       total 44032K, used 3240K [0x00000000c0000000, 0x00000000c2b00000, 0x00000000eab00000)
  object space 44032K, 7% used [0x00000000c0000000,0x00000000c032a2a0,0x00000000c2b00000)
 Metaspace       used 6021K, capacity 6898K, committed 7040K, reserved 1056768K
  class space    used 597K, capacity 618K, committed 640K, reserved 1048576K
}

Deoptimization events (10 events):
Event: 3.337 Thread 0x00000000009cd800 Uncommon trap: reason=unstable_if action=reinterpret pc=0x000000000291e928 method=java.lang.String.<init>([CII)V @ 18
Event: 3.761 Thread 0x0000000016708800 Uncommon trap: reason=unstable_if action=reinterpret pc=0x0000000002977034 method=java.util.BitSet.ensureCapacity(I)V @ 6
Event: 4.055 Thread 0x000000001670d800 Uncommon trap: reason=class_check action=maybe_recompile pc=0x0000000002a07db8 method=com.android.dx.ssa.NormalSsaInsn.accept(Lcom/android/dx/ssa/SsaInsn$Visitor;)V @ 9
Event: 4.056 Thread 0x000000001670c000 Uncommon trap: reason=class_check action=maybe_recompile pc=0x0000000002a07db8 method=com.android.dx.ssa.NormalSsaInsn.accept(Lcom/android/dx/ssa/SsaInsn$Visitor;)V @ 9
Event: 4.188 Thread 0x000000001670c800 Uncommon trap: reason=unloaded action=reinterpret pc=0x0000000002a079e4 method=com.android.dx.ssa.SsaRenamer$BlockRenamer.visitMoveInsn(Lcom/android/dx/ssa/NormalSsaInsn;)V @ 208
Event: 4.192 Thread 0x000000001670c800 Uncommon trap: reason=unstable_if action=reinterpret pc=0x0000000002ad9290 method=com.android.dx.ssa.NormalSsaInsn.getLocalAssignment()Lcom/android/dx/rop/code/RegisterSpec; @ 12
Event: 4.193 Thread 0x000000001670c800 Uncommon trap: reason=unstable_if action=reinterpret pc=0x0000000002aa8e28 method=com.android.dx.ssa.NormalSsaInsn.getLocalAssignment()Lcom/android/dx/rop/code/RegisterSpec; @ 12
Event: 4.194 Thread 0x000000001670c800 Uncommon trap: reason=unstable_if action=reinterpret pc=0x0000000002a77af0 method=com.android.dx.ssa.NormalSsaInsn.getLocalAssignment()Lcom/android/dx/rop/code/RegisterSpec; @ 12
Event: 4.226 Thread 0x000000001670c800 Uncommon trap: reason=class_check action=maybe_recompile pc=0x00000000029cdba4 method=com.android.dx.ssa.NormalSsaInsn.accept(Lcom/android/dx/ssa/SsaInsn$Visitor;)V @ 9
Event: 4.226 Thread 0x000000001670c800 Uncommon trap: reason=class_check action=maybe_recompile pc=0x00000000029cdba4 method=com.android.dx.ssa.NormalSsaInsn.accept(Lcom/android/dx/ssa/SsaInsn$Visitor;)V @ 9

Internal exceptions (2 events):
Event: 1.307 Thread 0x00000000009cd800 Exception <a 'java/lang/NoSuchMethodError': Method sun.misc.Unsafe.defineClass(Ljava/lang/String;[BII)Ljava/lang/Class; name or signature does not match> (0x00000000eab13078) thrown at [C:\workspace\8-2-build-windows-amd64-cygwin\jdk8u65\4987\hotspot\src\s²ÌÙéô?
Event: 1.307 Thread 0x00000000009cd800 Exception <a 'java/lang/NoSuchMethodError': Method sun.misc.Unsafe.prefetchRead(Ljava/lang/Object;J)V name or signature does not match> (0x00000000eab13360) thrown at [C:\workspace\8-2-build-windows-amd64-cygwin\jdk8u65\4987\hotspot\src\share\vm\prims\jni.

Events (10 events):
Event: 4.194 Thread 0x000000001670c800 DEOPT UNPACKING pc=0x000000000277582a sp=0x000000001786ebe0 mode 2
Event: 4.194 Thread 0x000000001670c800 Uncommon trap: trap_request=0xffffff65 fr.pc=0x0000000002a77af0
Event: 4.194 Thread 0x000000001670c800 DEOPT PACKING pc=0x0000000002a77af0 sp=0x000000001786ec40
Event: 4.194 Thread 0x000000001670c800 DEOPT UNPACKING pc=0x000000000277582a sp=0x000000001786ebd0 mode 2
Event: 4.226 Thread 0x000000001670c800 Uncommon trap: trap_request=0xffffffde fr.pc=0x00000000029cdba4
Event: 4.226 Thread 0x000000001670c800 DEOPT PACKING pc=0x00000000029cdba4 sp=0x000000001786eca0
Event: 4.226 Thread 0x000000001670c800 DEOPT UNPACKING pc=0x000000000277582a sp=0x000000001786ecc0 mode 2
Event: 4.226 Thread 0x000000001670c800 Uncommon trap: trap_request=0xffffffde fr.pc=0x00000000029cdba4
Event: 4.226 Thread 0x000000001670c800 DEOPT PACKING pc=0x00000000029cdba4 sp=0x000000001786eca0
Event: 4.226 Thread 0x000000001670c800 DEOPT UNPACKING pc=0x000000000277582a sp=0x000000001786ecc0 mode 2


Dynamic libraries:
0x00007ff704e40000 - 0x00007ff704e77000 	C:\Program Files\Java\jdk1.8.0_65\bin\java.exe
0x00007ff94b770000 - 0x00007ff94b91c000 	C:\Windows\SYSTEM32\ntdll.dll
0x00007ff94a620000 - 0x00007ff94a75e000 	C:\Windows\system32\KERNEL32.DLL
0x00007ff948af0000 - 0x00007ff948c05000 	C:\Windows\system32\KERNELBASE.dll
0x00007ff947460000 - 0x00007ff9474ee000 	C:\Windows\system32\apphelp.dll
0x00007ff9318b0000 - 0x00007ff931903000 	C:\Windows\AppPatch\AppPatch64\AcGenral.DLL
0x00007ff94b330000 - 0x00007ff94b3da000 	C:\Windows\system32\msvcrt.dll
0x00007ff948760000 - 0x00007ff94878e000 	C:\Windows\SYSTEM32\SspiCli.dll
0x00007ff94a8f0000 - 0x00007ff94a944000 	C:\Windows\system32\SHLWAPI.dll
0x00007ff94a770000 - 0x00007ff94a8e7000 	C:\Windows\system32\USER32.dll
0x00007ff94ab30000 - 0x00007ff94acc4000 	C:\Windows\system32\ole32.dll
0x00007ff949030000 - 0x00007ff94a55b000 	C:\Windows\system32\SHELL32.dll
0x00007ff947ee0000 - 0x00007ff947f01000 	C:\Windows\SYSTEM32\USERENV.dll
0x00007ff94aa80000 - 0x00007ff94ab2a000 	C:\Windows\system32\ADVAPI32.dll
0x00007ff93b590000 - 0x00007ff93b5ae000 	C:\Windows\SYSTEM32\MPR.dll
0x00007ff948e80000 - 0x00007ff948fc1000 	C:\Windows\system32\RPCRT4.dll
0x00007ff94aed0000 - 0x00007ff94af29000 	C:\Windows\SYSTEM32\sechost.dll
0x00007ff94b3e0000 - 0x00007ff94b5f1000 	C:\Windows\SYSTEM32\combase.dll
0x00007ff94af30000 - 0x00007ff94b07f000 	C:\Windows\system32\GDI32.dll
0x00007ff9488c0000 - 0x00007ff9488d5000 	C:\Windows\SYSTEM32\profapi.dll
0x00007ff946c80000 - 0x00007ff946d32000 	C:\Windows\SYSTEM32\SHCORE.dll
0x00007ff94ae80000 - 0x00007ff94aeb6000 	C:\Windows\system32\IMM32.DLL
0x00007ff94b610000 - 0x00007ff94b762000 	C:\Windows\system32\MSCTF.dll
0x00007ff946120000 - 0x00007ff94639b000 	C:\Windows\WinSxS\amd64_microsoft.windows.common-controls_6595b64144ccf1df_6.0.9600.18006_none_623f33d3ecbe86e8\COMCTL32.dll
0x00000000540e0000 - 0x00000000541b2000 	C:\Program Files\Java\jdk1.8.0_65\jre\bin\msvcr100.dll
0x00000000541c0000 - 0x0000000054a49000 	C:\Program Files\Java\jdk1.8.0_65\jre\bin\server\jvm.dll
0x00007ff93f2f0000 - 0x00007ff93f2f9000 	C:\Windows\SYSTEM32\WSOCK32.dll
0x00007ff941bc0000 - 0x00007ff941be2000 	C:\Windows\SYSTEM32\WINMM.dll
0x00007ff93f2e0000 - 0x00007ff93f2ea000 	C:\Windows\SYSTEM32\VERSION.dll
0x00007ff94b600000 - 0x00007ff94b607000 	C:\Windows\system32\PSAPI.DLL
0x00007ff94aa20000 - 0x00007ff94aa7a000 	C:\Windows\system32\WS2_32.dll
0x00007ff9417f0000 - 0x00007ff94181a000 	C:\Windows\SYSTEM32\WINMMBASE.dll
0x00007ff94b260000 - 0x00007ff94b269000 	C:\Windows\system32\NSI.dll
0x00007ff948aa0000 - 0x00007ff948aef000 	C:\Windows\SYSTEM32\cfgmgr32.dll
0x00007ff9476e0000 - 0x00007ff947708000 	C:\Windows\SYSTEM32\DEVOBJ.dll
0x00000000550a0000 - 0x00000000550af000 	C:\Program Files\Java\jdk1.8.0_65\jre\bin\verify.dll
0x0000000055070000 - 0x0000000055099000 	C:\Program Files\Java\jdk1.8.0_65\jre\bin\java.dll
0x0000000055050000 - 0x0000000055066000 	C:\Program Files\Java\jdk1.8.0_65\jre\bin\zip.dll

VM Arguments:
jvm_args: -Xmx1024M -Dfile.encoding=x-windows-949 -Duser.country=KR -Duser.language=ko -Duser.variant 
java_command: com.android.dx.command.Main --dex --num-threads=4 --output C:\Users\Public\Downloads\Mobile\MyApplication5_3\app\build\intermediates\pre-dexed\debug\classes-7777269741cd9d3d3d614d8162e9a843edbfb6c5.jar C:\Users\Public\Downloads\Mobile\MyApplication5_3\app\build\intermediates\exploded-aar\com.google.android.gms\play-services-analytics\8.1.0\jars\classes.jar
java_class_path (initial): C:\Users\Public\Downloads\build-tools\23.0.2\lib\dx.jar
Launcher Type: SUN_STANDARD

Environment Variables:
JAVA_HOME=C:\Program Files (x86)\Java\jdk1.8.0_51
CLASSPATH=.;C:\Program Files (x86)\Java\jdk1.8.0_51\bin;
PATH=C:\ProgramData\Oracle\Java\javapath;C:\Program Files\Intel\WiFi\bin\;C:\Program Files\Common Files\Intel\WirelessCommon\;C:\Program Files (x86)\Java\jdk1.8.0_51\bin;C:\Program Files\Microsoft\Web Platform Installer\;C:\Program Files (x86)\Windows Kits\8.1\Windows Performance Toolkit\C:\Windows\system32;C:\Windows;C:\Program Files\Intel\WiFi\bin\;C:\Program Files\Common Files\Intel\WirelessCommon\;C:\Program Files (x86)\Java\jdk1.8.0_51\bin;C:\Users\Çý·É\AppData\Local\Programs\Git\cmd;C:\Users\Çý·É\AppData\Local\Programs\Git\mingw64\bin;C:\Users\Çý·É\AppData\Local\Programs\Git\usr\bin
USERNAME=Çý·É
OS=Windows_NT
PROCESSOR_IDENTIFIER=Intel64 Family 6 Model 61 Stepping 4, GenuineIntel



---------------  S Y S T E M  ---------------

OS: Windows 8.1 , 64 bit Build 9600 (6.3.9600.17415)

CPU:total 4 (2 cores per cpu, 2 threads per core) family 6 model 61 stepping 4, cmov, cx8, fxsr, mmx, sse, sse2, sse3, ssse3, sse4.1, sse4.2, popcnt, avx, avx2, aes, clmul, erms, 3dnowpref, lzcnt, ht, tsc, tscinvbit, bmi1, bmi2, adx

Memory: 4k page, physical 4097964k(624580k free), swap 7243692k(6440k free)

vm_info: Java HotSpot(TM) 64-Bit Server VM (25.65-b01) for windows-amd64 JRE (1.8.0_65-b17), built on Oct  6 2015 16:39:20 by "java_re" with MS VC++ 10.0 (VS2010)

time: Thu Dec 03 21:45:52 2015
elapsed time: 4 seconds (0d 0h 0m 4s)

