#
# There is insufficient memory for the Java Runtime Environment to continue.
# Native memory allocation (malloc) failed to allocate 99152 bytes for Chunk::new
# Possible reasons:
#   The system is out of physical RAM or swap space
#   In 32 bit mode, the process size limit was hit
# Possible solutions:
#   Reduce memory load on the system
#   Increase physical memory or swap space
#   Check if swap backing store is full
#   Use 64 bit Java on a 64 bit OS
#   Decrease Java heap size (-Xmx/-Xms)
#   Decrease number of Java threads
#   Decrease Java thread stack sizes (-Xss)
#   Set larger code cache with -XX:ReservedCodeCacheSize=
# This output file may be truncated or incomplete.
#
#  Out of Memory Error (allocation.cpp:390), pid=2344, tid=7152
#
# JRE version: Java(TM) SE Runtime Environment (8.0_65-b17) (build 1.8.0_65-b17)
# Java VM: Java HotSpot(TM) 64-Bit Server VM (25.65-b01 mixed mode windows-amd64 compressed oops)
# Failed to write core dump. Minidumps are not enabled by default on client versions of Windows
#

---------------  T H R E A D  ---------------

Current thread (0x0000000016453800):  JavaThread "C2 CompilerThread1" daemon [_thread_in_native, id=7152, stack(0x0000000016800000,0x0000000016900000)]

Stack: [0x0000000016800000,0x0000000016900000]
[error occurred during error reporting (printing stack bounds), id 0xc0000005]

Native frames: (J=compiled Java code, j=interpreted, Vv=VM code, C=native code)


Current CompileTask:
C2:   1358  514       4       java.util.HashMap::getNode (148 bytes)


---------------  P R O C E S S  ---------------

Java Threads: ( => current thread )
  0x0000000016637800 JavaThread "pool-1-thread-4" [_thread_in_vm, id=8888, stack(0x0000000017000000,0x0000000017100000)]
  0x000000001658a800 JavaThread "pool-1-thread-3" [_thread_blocked, id=7052, stack(0x0000000016f00000,0x0000000017000000)]
  0x0000000016589800 JavaThread "pool-1-thread-2" [_thread_in_vm, id=7856, stack(0x0000000016e00000,0x0000000016f00000)]
  0x0000000016588800 JavaThread "pool-2-thread-1" [_thread_blocked, id=5760, stack(0x0000000016d00000,0x0000000016e00000)]
  0x0000000016586000 JavaThread "pool-1-thread-1" [_thread_in_Java, id=6964, stack(0x0000000016c00000,0x0000000016d00000)]
  0x000000001645c800 JavaThread "Service Thread" daemon [_thread_blocked, id=6700, stack(0x0000000016a00000,0x0000000016b00000)]
  0x0000000016456800 JavaThread "C1 CompilerThread2" daemon [_thread_in_native, id=2264, stack(0x0000000016900000,0x0000000016a00000)]
=>0x0000000016453800 JavaThread "C2 CompilerThread1" daemon [_thread_in_native, id=7152, stack(0x0000000016800000,0x0000000016900000)]
  0x0000000014dad000 JavaThread "C2 CompilerThread0" daemon [_thread_blocked, id=6592, stack(0x0000000016300000,0x0000000016400000)]
  0x0000000014dab800 JavaThread "Attach Listener" daemon [_thread_blocked, id=3460, stack(0x0000000016200000,0x0000000016300000)]
  0x0000000014daa800 JavaThread "Signal Dispatcher" daemon [_thread_blocked, id=8772, stack(0x0000000016100000,0x0000000016200000)]
  0x00000000026c6000 JavaThread "Finalizer" daemon [_thread_blocked, id=9080, stack(0x0000000016000000,0x0000000016100000)]
  0x00000000026bd000 JavaThread "Reference Handler" daemon [_thread_blocked, id=3592, stack(0x0000000015f00000,0x0000000016000000)]
  0x00000000021bd800 JavaThread "main" [_thread_in_Java, id=8144, stack(0x00000000024d0000,0x00000000025d0000)]

Other Threads:
  0x0000000014d68000 VMThread [stack: 0x0000000015e00000,0x0000000015f00000] [id=6844]
  0x00000000164aa000 WatcherThread [stack: 0x0000000016b00000,0x0000000016c00000] [id=1276]

VM state:not at safepoint (normal execution)

VM Mutex/Monitor currently owned by a thread: None

Heap:
 PSYoungGen      total 18944K, used 11907K [0x00000000eab00000, 0x00000000ec000000, 0x0000000100000000)
  eden space 16384K, 72% used [0x00000000eab00000,0x00000000eb6a0c80,0x00000000ebb00000)
  from space 2560K, 0% used [0x00000000ebd80000,0x00000000ebd80000,0x00000000ec000000)
  to   space 2560K, 0% used [0x00000000ebb00000,0x00000000ebb00000,0x00000000ebd80000)
 ParOldGen       total 44032K, used 0K [0x00000000c0000000, 0x00000000c2b00000, 0x00000000eab00000)
  object space 44032K, 0% used [0x00000000c0000000,0x00000000c0000000,0x00000000c2b00000)
 Metaspace       used 5546K, capacity 6452K, committed 6528K, reserved 1056768K
  class space    used 596K, capacity 620K, committed 640K, reserved 1048576K

Card table byte_map: [0x0000000011a90000,0x0000000011ca0000] byte_map_base: 0x0000000011490000

Marking Bits: (ParMarkBitMap*) 0x00000000549ca5b0
 Begin Bits: [0x0000000012200000, 0x0000000013200000)
 End Bits:   [0x0000000013200000, 0x0000000014200000)

Polling page: 0x0000000000800000

CodeCache: size=245760Kb used=2131Kb max_used=2142Kb free=243628Kb
 bounds [0x00000000026d0000, 0x0000000002940000, 0x00000000116d0000]
 total_blobs=767 nmethods=496 adapters=184
 compilation: enabled

Compilation events (10 events):
Event: 1.333 Thread 0x0000000014dad000 nmethod 496 0x00000000028e7d10 code [0x00000000028e7e40, 0x00000000028e7ef8]
Event: 1.346 Thread 0x0000000016453800  514       4       java.util.HashMap::getNode (148 bytes)
Event: 1.346 Thread 0x0000000014dad000  529       4       com.android.dx.util.MutabilityControl::throwIfImmutable (18 bytes)
Event: 1.348 Thread 0x0000000014dad000 nmethod 529 0x00000000028e09d0 code [0x00000000028e0b00, 0x00000000028e0b78]
Event: 1.348 Thread 0x0000000014dad000  512       4       java.util.ArrayList::ensureExplicitCapacity (26 bytes)
Event: 1.354 Thread 0x0000000014dad000 nmethod 512 0x00000000028e5f50 code [0x00000000028e60a0, 0x00000000028e62f8]
Event: 1.354 Thread 0x0000000014dad000  534       4       java.lang.Long::bitCount (61 bytes)
Event: 1.355 Thread 0x0000000014dad000 nmethod 534 0x00000000028e5d10 code [0x00000000028e5e40, 0x00000000028e5ef8]
Event: 1.355 Thread 0x0000000014dad000  531       4       com.android.dx.util.Bits::set (19 bytes)
Event: 1.356 Thread 0x0000000014dad000 nmethod 531 0x00000000028e5a90 code [0x00000000028e5bc0, 0x00000000028e5c58]

GC Heap History (0 events):
No events

Deoptimization events (0 events):
No events

Internal exceptions (2 events):
Event: 0.254 Thread 0x00000000021bd800 Exception <a 'java/lang/NoSuchMethodError': Method sun.misc.Unsafe.defineClass(Ljava/lang/String;[BII)Ljava/lang/Class; name or signature does not match> (0x00000000eab13078) thrown at [C:\workspace\8-2-build-windows-amd64-cygwin\jdk8u65\4987\hotspot\src\sÚüfç?–?
Event: 0.254 Thread 0x00000000021bd800 Exception <a 'java/lang/NoSuchMethodError': Method sun.misc.Unsafe.prefetchRead(Ljava/lang/Object;J)V name or signature does not match> (0x00000000eab13360) thrown at [C:\workspace\8-2-build-windows-amd64-cygwin\jdk8u65\4987\hotspot\src\share\vm\prims\jni.

Events (10 events):
Event: 1.317 loading class com/android/dx/rop/annotation/AnnotationsList
Event: 1.317 loading class com/android/dx/rop/annotation/AnnotationsList done
Event: 1.317 loading class com/android/dx/dex/file/MethodIdItem
Event: 1.317 loading class com/android/dx/dex/file/MethodIdItem done
Event: 1.327 loading class java/util/TreeMap$EntrySet
Event: 1.329 loading class java/util/TreeMap$EntrySet done
Event: 1.329 loading class java/util/TreeMap$EntryIterator
Event: 1.329 loading class java/util/TreeMap$EntryIterator done
Event: 1.343 loading class java/util/DualPivotQuicksort
Event: 1.343 loading class java/util/DualPivotQuicksort done


Dynamic libraries:
0x00007ff704e40000 - 0x00007ff704e77000 	C:\Program Files\Java\jdk1.8.0_65\bin\java.exe
0x00007ff94b770000 - 0x00007ff94b91c000 	C:\Windows\SYSTEM32\ntdll.dll
0x00007ff94a620000 - 0x00007ff94a75e000 	C:\Windows\system32\KERNEL32.DLL
0x00007ff948af0000 - 0x00007ff948c05000 	C:\Windows\system32\KERNELBASE.dll
0x00007ff947460000 - 0x00007ff9474ee000 	C:\Windows\system32\apphelp.dll
0x00007ff9318b0000 - 0x00007ff931903000 	C:\Windows\AppPatch\AppPatch64\AcGenral.DLL
0x00007ff94b330000 - 0x00007ff94b3da000 	C:\Windows\system32\msvcrt.dll
0x00007ff948760000 - 0x00007ff94878e000 	C:\Windows\SYSTEM32\SspiCli.dll
0x00007ff94a8f0000 - 0x00007ff94a944000 	C:\Windows\system32\SHLWAPI.dll
0x00007ff94a770000 - 0x00007ff94a8e7000 	C:\Windows\system32\USER32.dll
0x00007ff94ab30000 - 0x00007ff94acc4000 	C:\Windows\system32\ole32.dll
0x00007ff949030000 - 0x00007ff94a55b000 	C:\Windows\system32\SHELL32.dll
0x00007ff947ee0000 - 0x00007ff947f01000 	C:\Windows\SYSTEM32\USERENV.dll
0x00007ff94aa80000 - 0x00007ff94ab2a000 	C:\Windows\system32\ADVAPI32.dll
0x00007ff93b590000 - 0x00007ff93b5ae000 	C:\Windows\SYSTEM32\MPR.dll
0x00007ff948e80000 - 0x00007ff948fc1000 	C:\Windows\system32\RPCRT4.dll
0x00007ff94aed0000 - 0x00007ff94af29000 	C:\Windows\SYSTEM32\sechost.dll
0x00007ff94b3e0000 - 0x00007ff94b5f1000 	C:\Windows\SYSTEM32\combase.dll
0x00007ff94af30000 - 0x00007ff94b07f000 	C:\Windows\system32\GDI32.dll
0x00007ff9488c0000 - 0x00007ff9488d5000 	C:\Windows\SYSTEM32\profapi.dll
0x00007ff946c80000 - 0x00007ff946d32000 	C:\Windows\SYSTEM32\SHCORE.dll
0x00007ff94ae80000 - 0x00007ff94aeb6000 	C:\Windows\system32\IMM32.DLL
0x00007ff94b610000 - 0x00007ff94b762000 	C:\Windows\system32\MSCTF.dll
0x00007ff946120000 - 0x00007ff94639b000 	C:\Windows\WinSxS\amd64_microsoft.windows.common-controls_6595b64144ccf1df_6.0.9600.18006_none_623f33d3ecbe86e8\COMCTL32.dll
0x00000000540e0000 - 0x00000000541b2000 	C:\Program Files\Java\jdk1.8.0_65\jre\bin\msvcr100.dll
0x00000000541c0000 - 0x0000000054a49000 	C:\Program Files\Java\jdk1.8.0_65\jre\bin\server\jvm.dll
0x00007ff93f2f0000 - 0x00007ff93f2f9000 	C:\Windows\SYSTEM32\WSOCK32.dll
0x00007ff941bc0000 - 0x00007ff941be2000 	C:\Windows\SYSTEM32\WINMM.dll
0x00007ff93f2e0000 - 0x00007ff93f2ea000 	C:\Windows\SYSTEM32\VERSION.dll
0x00007ff94b600000 - 0x00007ff94b607000 	C:\Windows\system32\PSAPI.DLL
0x00007ff94aa20000 - 0x00007ff94aa7a000 	C:\Windows\system32\WS2_32.dll
0x00007ff9417f0000 - 0x00007ff94181a000 	C:\Windows\SYSTEM32\WINMMBASE.dll
0x00007ff94b260000 - 0x00007ff94b269000 	C:\Windows\system32\NSI.dll
0x00007ff948aa0000 - 0x00007ff948aef000 	C:\Windows\SYSTEM32\cfgmgr32.dll
0x00007ff9476e0000 - 0x00007ff947708000 	C:\Windows\SYSTEM32\DEVOBJ.dll
0x00000000550a0000 - 0x00000000550af000 	C:\Program Files\Java\jdk1.8.0_65\jre\bin\verify.dll
0x0000000055070000 - 0x0000000055099000 	C:\Program Files\Java\jdk1.8.0_65\jre\bin\java.dll
0x0000000055050000 - 0x0000000055066000 	C:\Program Files\Java\jdk1.8.0_65\jre\bin\zip.dll

VM Arguments:
jvm_args: -Xmx1024M -Dfile.encoding=x-windows-949 -Duser.country=KR -Duser.language=ko -Duser.variant 
java_command: com.android.dx.command.Main --dex --num-threads=4 --output C:\Users\Public\Downloads\Mobile\MyApplication5_3\app\build\intermediates\pre-dexed\debug\classes-38a1c2ed94a9c1c06e2bbb4a0bb62ec7c48850e6.jar C:\Users\Public\Downloads\Mobile\MyApplication5_3\app\build\intermediates\exploded-aar\com.google.android.gms\play-services-appindexing\8.1.0\jars\classes.jar
java_class_path (initial): C:\Users\Public\Downloads\build-tools\23.0.2\lib\dx.jar
Launcher Type: SUN_STANDARD

Environment Variables:
JAVA_HOME=C:\Program Files (x86)\Java\jdk1.8.0_51
CLASSPATH=.;C:\Program Files (x86)\Java\jdk1.8.0_51\bin;
PATH=C:\ProgramData\Oracle\Java\javapath;C:\Program Files\Intel\WiFi\bin\;C:\Program Files\Common Files\Intel\WirelessCommon\;C:\Program Files (x86)\Java\jdk1.8.0_51\bin;C:\Program Files\Microsoft\Web Platform Installer\;C:\Program Files (x86)\Windows Kits\8.1\Windows Performance Toolkit\C:\Windows\system32;C:\Windows;C:\Program Files\Intel\WiFi\bin\;C:\Program Files\Common Files\Intel\WirelessCommon\;C:\Program Files (x86)\Java\jdk1.8.0_51\bin;C:\Users\«˝∑…\AppData\Local\Programs\Git\cmd;C:\Users\«˝∑…\AppData\Local\Programs\Git\mingw64\bin;C:\Users\«˝∑…\AppData\Local\Programs\Git\usr\bin
USERNAME=«˝∑…
OS=Windows_NT
PROCESSOR_IDENTIFIER=Intel64 Family 6 Model 61 Stepping 4, GenuineIntel



---------------  S Y S T E M  ---------------

OS: Windows 8.1 , 64 bit Build 9600 (6.3.9600.17415)

CPU:total 4 (2 cores per cpu, 2 threads per core) family 6 model 61 stepping 4, cmov, cx8, fxsr, mmx, sse, sse2, sse3, ssse3, sse4.1, sse4.2, popcnt, avx, avx2, aes, clmul, erms, 3dnowpref, lzcnt, ht, tsc, tscinvbit, bmi1, bmi2, adx

Memory: 4k page, physical 4097964k(317732k free), swap 7243692k(5104k free)

vm_info: Java HotSpot(TM) 64-Bit Server VM (25.65-b01) for windows-amd64 JRE (1.8.0_65-b17), built on Oct  6 2015 16:39:20 by "java_re" with MS VC++ 10.0 (VS2010)

time: Thu Dec 03 21:35:44 2015
elapsed time: 1 seconds (0d 0h 0m 1s)

