#
# There is insufficient memory for the Java Runtime Environment to continue.
# Native memory allocation (malloc) failed to allocate 206208 bytes for Chunk::new
# Possible reasons:
#   The system is out of physical RAM or swap space
#   In 32 bit mode, the process size limit was hit
# Possible solutions:
#   Reduce memory load on the system
#   Increase physical memory or swap space
#   Check if swap backing store is full
#   Use 64 bit Java on a 64 bit OS
#   Decrease Java heap size (-Xmx/-Xms)
#   Decrease number of Java threads
#   Decrease Java thread stack sizes (-Xss)
#   Set larger code cache with -XX:ReservedCodeCacheSize=
# This output file may be truncated or incomplete.
#
#  Out of Memory Error (allocation.cpp:390), pid=8280, tid=8936
#
# JRE version: Java(TM) SE Runtime Environment (8.0_65-b17) (build 1.8.0_65-b17)
# Java VM: Java HotSpot(TM) 64-Bit Server VM (25.65-b01 mixed mode windows-amd64 compressed oops)
# Failed to write core dump. Minidumps are not enabled by default on client versions of Windows
#

---------------  T H R E A D  ---------------

Current thread (0x000000001503e800):  JavaThread "C2 CompilerThread1" daemon [_thread_in_native, id=8936, stack(0x0000000016a60000,0x0000000016b60000)]

Stack: [0x0000000016a60000,0x0000000016b60000]
[error occurred during error reporting (printing stack bounds), id 0xc0000005]

Native frames: (J=compiled Java code, j=interpreted, Vv=VM code, C=native code)


Current CompileTask:
C2:   1892  668       4       com.android.dx.ssa.SsaBasicBlock::forEachInsn (37 bytes)


---------------  P R O C E S S  ---------------

Java Threads: ( => current thread )
  0x0000000016863800 JavaThread "pool-1-thread-4" [_thread_blocked, id=8576, stack(0x0000000017260000,0x0000000017360000)]
  0x0000000016855800 JavaThread "pool-1-thread-3" [_thread_in_Java, id=8708, stack(0x0000000017160000,0x0000000017260000)]
  0x0000000016855000 JavaThread "pool-1-thread-2" [_thread_in_Java, id=4072, stack(0x0000000017060000,0x0000000017160000)]
  0x0000000016850000 JavaThread "pool-2-thread-1" [_thread_blocked, id=6436, stack(0x0000000016f60000,0x0000000017060000)]
  0x000000001684d800 JavaThread "pool-1-thread-1" [_thread_in_Java, id=3336, stack(0x0000000016e60000,0x0000000016f60000)]
  0x00000000166c0000 JavaThread "Service Thread" daemon [_thread_blocked, id=8644, stack(0x0000000016c60000,0x0000000016d60000)]
  0x00000000166ba000 JavaThread "C1 CompilerThread2" daemon [_thread_blocked, id=9132, stack(0x0000000016b60000,0x0000000016c60000)]
=>0x000000001503e800 JavaThread "C2 CompilerThread1" daemon [_thread_in_native, id=8936, stack(0x0000000016a60000,0x0000000016b60000)]
  0x0000000014fed000 JavaThread "C2 CompilerThread0" daemon [_thread_blocked, id=3556, stack(0x0000000016560000,0x0000000016660000)]
  0x0000000014feb800 JavaThread "Attach Listener" daemon [_thread_blocked, id=6792, stack(0x0000000016460000,0x0000000016560000)]
  0x0000000014fea800 JavaThread "Signal Dispatcher" daemon [_thread_blocked, id=5780, stack(0x0000000016360000,0x0000000016460000)]
  0x0000000002906000 JavaThread "Finalizer" daemon [_thread_blocked, id=8412, stack(0x0000000016260000,0x0000000016360000)]
  0x00000000028fd000 JavaThread "Reference Handler" daemon [_thread_blocked, id=3948, stack(0x0000000016160000,0x0000000016260000)]
  0x0000000000c0d800 JavaThread "main" [_thread_in_Java, id=992, stack(0x0000000002710000,0x0000000002810000)]

Other Threads:
  0x0000000014fa8000 VMThread [stack: 0x0000000016060000,0x0000000016160000] [id=8720]
  0x0000000016712000 WatcherThread [stack: 0x0000000016d60000,0x0000000016e60000] [id=4988]

VM state:not at safepoint (normal execution)

VM Mutex/Monitor currently owned by a thread: None

Heap:
 PSYoungGen      total 18944K, used 12881K [0x00000000eab00000, 0x00000000ec000000, 0x0000000100000000)
  eden space 16384K, 78% used [0x00000000eab00000,0x00000000eb794568,0x00000000ebb00000)
  from space 2560K, 0% used [0x00000000ebd80000,0x00000000ebd80000,0x00000000ec000000)
  to   space 2560K, 0% used [0x00000000ebb00000,0x00000000ebb00000,0x00000000ebd80000)
 ParOldGen       total 44032K, used 0K [0x00000000c0000000, 0x00000000c2b00000, 0x00000000eab00000)
  object space 44032K, 0% used [0x00000000c0000000,0x00000000c0000000,0x00000000c2b00000)
 Metaspace       used 5720K, capacity 6644K, committed 6784K, reserved 1056768K
  class space    used 598K, capacity 620K, committed 640K, reserved 1048576K

Card table byte_map: [0x0000000011cd0000,0x0000000011ee0000] byte_map_base: 0x00000000116d0000

Marking Bits: (ParMarkBitMap*) 0x00000000549ca5b0
 Begin Bits: [0x0000000012440000, 0x0000000013440000)
 End Bits:   [0x0000000013440000, 0x0000000014440000)

Polling page: 0x0000000000bc0000

CodeCache: size=245760Kb used=2980Kb max_used=2980Kb free=242779Kb
 bounds [0x0000000002910000, 0x0000000002c00000, 0x0000000011910000]
 total_blobs=969 nmethods=698 adapters=184
 compilation: enabled

Compilation events (10 events):
Event: 1.881 Thread 0x00000000166ba000  695       3       com.android.dx.rop.code.LocalVariableInfo::mutableCopyOfStarts (29 bytes)
Event: 1.881 Thread 0x00000000166ba000 nmethod 695 0x0000000002bf3610 code [0x0000000002bf37c0, 0x0000000002bf3df8]
Event: 1.882 Thread 0x00000000166ba000  696       3       com.android.dx.rop.code.BasicBlock::hasExceptionHandlers (26 bytes)
Event: 1.882 Thread 0x00000000166ba000 nmethod 696 0x0000000002bf4190 code [0x0000000002bf4340, 0x0000000002bf4aa8]
Event: 1.882 Thread 0x00000000166ba000  697       3       com.android.dx.rop.code.BasicBlockList::preferredSuccessorOf (77 bytes)
Event: 1.883 Thread 0x00000000166ba000 nmethod 697 0x0000000002bf4d10 code [0x0000000002bf4ec0, 0x0000000002bf55e8]
Event: 1.883 Thread 0x00000000166ba000  698       3       com.android.dx.dex.code.RopTranslator::outputBlock (202 bytes)
Event: 1.887 Thread 0x00000000166ba000 nmethod 698 0x0000000002bf5790 code [0x0000000002bf5ba0, 0x0000000002bf8a78]
Event: 1.887 Thread 0x00000000166ba000  699       3       com.android.dx.dex.code.BlockAddresses::getStart (10 bytes)
Event: 1.887 Thread 0x00000000166ba000 nmethod 699 0x0000000002bfa790 code [0x0000000002bfa900, 0x0000000002bfab10]

GC Heap History (0 events):
No events

Deoptimization events (1 events):
Event: 1.859 Thread 0x0000000016855800 Uncommon trap: reason=unstable_if action=reinterpret pc=0x0000000002b2e104 method=java.util.HashMap.getNode(ILjava/lang/Object;)Ljava/util/HashMap$Node; @ 62

Internal exceptions (2 events):
Event: 0.207 Thread 0x0000000000c0d800 Exception <a 'java/lang/NoSuchMethodError': Method sun.misc.Unsafe.defineClass(Ljava/lang/String;[BII)Ljava/lang/Class; name or signature does not match> (0x00000000eab13078) thrown at [C:\workspace\8-2-build-windows-amd64-cygwin\jdk8u65\4987\hotspot\src\sÊÕ†×ˆÊ?
Event: 0.207 Thread 0x0000000000c0d800 Exception <a 'java/lang/NoSuchMethodError': Method sun.misc.Unsafe.prefetchRead(Ljava/lang/Object;J)V name or signature does not match> (0x00000000eab13360) thrown at [C:\workspace\8-2-build-windows-amd64-cygwin\jdk8u65\4987\hotspot\src\share\vm\prims\jni.

Events (10 events):
Event: 1.626 loading class com/android/dx/rop/code/RegOps done
Event: 1.631 loading class java/util/TreeMap$EntrySet
Event: 1.662 loading class java/util/TreeMap$EntrySet done
Event: 1.662 loading class java/util/TreeMap$EntryIterator
Event: 1.664 loading class java/util/TreeMap$EntryIterator done
Event: 1.837 loading class java/util/ArrayList$1
Event: 1.837 loading class java/util/ArrayList$1 done
Event: 1.859 Thread 0x0000000016855800 Uncommon trap: trap_request=0xffffff65 fr.pc=0x0000000002b2e104
Event: 1.859 Thread 0x0000000016855800 DEOPT PACKING pc=0x0000000002b2e104 sp=0x000000001725e820
Event: 1.859 Thread 0x0000000016855800 DEOPT UNPACKING pc=0x000000000295582a sp=0x000000001725e798 mode 2


Dynamic libraries:
0x00007ff704e40000 - 0x00007ff704e77000 	C:\Program Files\Java\jdk1.8.0_65\bin\java.exe
0x00007ff94b770000 - 0x00007ff94b91c000 	C:\Windows\SYSTEM32\ntdll.dll
0x00007ff94a620000 - 0x00007ff94a75e000 	C:\Windows\system32\KERNEL32.DLL
0x00007ff948af0000 - 0x00007ff948c05000 	C:\Windows\system32\KERNELBASE.dll
0x00007ff947460000 - 0x00007ff9474ee000 	C:\Windows\system32\apphelp.dll
0x00007ff9318b0000 - 0x00007ff931903000 	C:\Windows\AppPatch\AppPatch64\AcGenral.DLL
0x00007ff94b330000 - 0x00007ff94b3da000 	C:\Windows\system32\msvcrt.dll
0x00007ff948760000 - 0x00007ff94878e000 	C:\Windows\SYSTEM32\SspiCli.dll
0x00007ff94a8f0000 - 0x00007ff94a944000 	C:\Windows\system32\SHLWAPI.dll
0x00007ff94a770000 - 0x00007ff94a8e7000 	C:\Windows\system32\USER32.dll
0x00007ff94ab30000 - 0x00007ff94acc4000 	C:\Windows\system32\ole32.dll
0x00007ff949030000 - 0x00007ff94a55b000 	C:\Windows\system32\SHELL32.dll
0x00007ff947ee0000 - 0x00007ff947f01000 	C:\Windows\SYSTEM32\USERENV.dll
0x00007ff94aa80000 - 0x00007ff94ab2a000 	C:\Windows\system32\ADVAPI32.dll
0x00007ff93b590000 - 0x00007ff93b5ae000 	C:\Windows\SYSTEM32\MPR.dll
0x00007ff948e80000 - 0x00007ff948fc1000 	C:\Windows\system32\RPCRT4.dll
0x00007ff94aed0000 - 0x00007ff94af29000 	C:\Windows\SYSTEM32\sechost.dll
0x00007ff94b3e0000 - 0x00007ff94b5f1000 	C:\Windows\SYSTEM32\combase.dll
0x00007ff94af30000 - 0x00007ff94b07f000 	C:\Windows\system32\GDI32.dll
0x00007ff9488c0000 - 0x00007ff9488d5000 	C:\Windows\SYSTEM32\profapi.dll
0x00007ff946c80000 - 0x00007ff946d32000 	C:\Windows\SYSTEM32\SHCORE.dll
0x00007ff94ae80000 - 0x00007ff94aeb6000 	C:\Windows\system32\IMM32.DLL
0x00007ff94b610000 - 0x00007ff94b762000 	C:\Windows\system32\MSCTF.dll
0x00007ff946120000 - 0x00007ff94639b000 	C:\Windows\WinSxS\amd64_microsoft.windows.common-controls_6595b64144ccf1df_6.0.9600.18006_none_623f33d3ecbe86e8\COMCTL32.dll
0x00000000540e0000 - 0x00000000541b2000 	C:\Program Files\Java\jdk1.8.0_65\jre\bin\msvcr100.dll
0x00000000541c0000 - 0x0000000054a49000 	C:\Program Files\Java\jdk1.8.0_65\jre\bin\server\jvm.dll
0x00007ff93f2f0000 - 0x00007ff93f2f9000 	C:\Windows\SYSTEM32\WSOCK32.dll
0x00007ff941bc0000 - 0x00007ff941be2000 	C:\Windows\SYSTEM32\WINMM.dll
0x00007ff93f2e0000 - 0x00007ff93f2ea000 	C:\Windows\SYSTEM32\VERSION.dll
0x00007ff94b600000 - 0x00007ff94b607000 	C:\Windows\system32\PSAPI.DLL
0x00007ff94aa20000 - 0x00007ff94aa7a000 	C:\Windows\system32\WS2_32.dll
0x00007ff9417f0000 - 0x00007ff94181a000 	C:\Windows\SYSTEM32\WINMMBASE.dll
0x00007ff94b260000 - 0x00007ff94b269000 	C:\Windows\system32\NSI.dll
0x00007ff948aa0000 - 0x00007ff948aef000 	C:\Windows\SYSTEM32\cfgmgr32.dll
0x00007ff9476e0000 - 0x00007ff947708000 	C:\Windows\SYSTEM32\DEVOBJ.dll
0x00000000550a0000 - 0x00000000550af000 	C:\Program Files\Java\jdk1.8.0_65\jre\bin\verify.dll
0x0000000055070000 - 0x0000000055099000 	C:\Program Files\Java\jdk1.8.0_65\jre\bin\java.dll
0x0000000055050000 - 0x0000000055066000 	C:\Program Files\Java\jdk1.8.0_65\jre\bin\zip.dll

VM Arguments:
jvm_args: -Xmx1024M -Dfile.encoding=x-windows-949 -Duser.country=KR -Duser.language=ko -Duser.variant 
java_command: com.android.dx.command.Main --dex --num-threads=4 --output C:\Users\Public\Downloads\Mobile\MyApplication5_3\app\build\intermediates\pre-dexed\debug\classes-9d2f6a2e2d5ec645f89abe6ad2ba5ff9749d0951.jar C:\Users\Public\Downloads\Mobile\MyApplication5_3\app\build\intermediates\exploded-aar\com.google.android.gms\play-services-appinvite\8.1.0\jars\classes.jar
java_class_path (initial): C:\Users\Public\Downloads\build-tools\23.0.2\lib\dx.jar
Launcher Type: SUN_STANDARD

Environment Variables:
JAVA_HOME=C:\Program Files (x86)\Java\jdk1.8.0_51
CLASSPATH=.;C:\Program Files (x86)\Java\jdk1.8.0_51\bin;
PATH=C:\ProgramData\Oracle\Java\javapath;C:\Program Files\Intel\WiFi\bin\;C:\Program Files\Common Files\Intel\WirelessCommon\;C:\Program Files (x86)\Java\jdk1.8.0_51\bin;C:\Program Files\Microsoft\Web Platform Installer\;C:\Program Files (x86)\Windows Kits\8.1\Windows Performance Toolkit\C:\Windows\system32;C:\Windows;C:\Program Files\Intel\WiFi\bin\;C:\Program Files\Common Files\Intel\WirelessCommon\;C:\Program Files (x86)\Java\jdk1.8.0_51\bin;C:\Users\Çý·É\AppData\Local\Programs\Git\cmd;C:\Users\Çý·É\AppData\Local\Programs\Git\mingw64\bin;C:\Users\Çý·É\AppData\Local\Programs\Git\usr\bin
USERNAME=Çý·É
OS=Windows_NT
PROCESSOR_IDENTIFIER=Intel64 Family 6 Model 61 Stepping 4, GenuineIntel



---------------  S Y S T E M  ---------------

OS: Windows 8.1 , 64 bit Build 9600 (6.3.9600.17415)

CPU:total 4 (2 cores per cpu, 2 threads per core) family 6 model 61 stepping 4, cmov, cx8, fxsr, mmx, sse, sse2, sse3, ssse3, sse4.1, sse4.2, popcnt, avx, avx2, aes, clmul, erms, 3dnowpref, lzcnt, ht, tsc, tscinvbit, bmi1, bmi2, adx

Memory: 4k page, physical 4097964k(343740k free), swap 7243692k(3696k free)

vm_info: Java HotSpot(TM) 64-Bit Server VM (25.65-b01) for windows-amd64 JRE (1.8.0_65-b17), built on Oct  6 2015 16:39:20 by "java_re" with MS VC++ 10.0 (VS2010)

time: Thu Dec 03 21:35:45 2015
elapsed time: 1 seconds (0d 0h 0m 1s)

